[0.087s] DEBUG:colcon:Command line arguments: ['/usr/bin/colcon', 'build']
[0.087s] DEBUG:colcon:Parsed command line arguments: Namespace(log_base=None, log_level=None, verb_name='build', build_base='build', install_base='install', merge_install=False, symlink_install=False, test_result_base=None, continue_on_error=False, executor='parallel', parallel_workers=6, event_handlers=None, ignore_user_meta=False, metas=['./colcon.meta'], base_paths=['.'], packages_ignore=None, packages_ignore_regex=None, paths=None, packages_up_to=None, packages_up_to_regex=None, packages_above=None, packages_above_and_dependencies=None, packages_above_depth=None, packages_select_by_dep=None, packages_skip_by_dep=None, packages_skip_up_to=None, packages_select_build_failed=False, packages_skip_build_finished=False, packages_select_test_failures=False, packages_skip_test_passed=False, packages_select=None, packages_skip=None, packages_select_regex=None, packages_skip_regex=None, packages_start=None, packages_end=None, allow_overriding=[], cmake_args=None, cmake_target=None, cmake_target_skip_unavailable=False, cmake_clean_cache=False, cmake_clean_first=False, cmake_force_configure=False, ament_cmake_args=None, catkin_cmake_args=None, catkin_skip_building_tests=False, mixin_files=None, mixin=None, verb_parser=<colcon_mixin.mixin.mixin_argument.MixinArgumentDecorator object at 0x7686b0046fe0>, verb_extension=<colcon_core.verb.build.BuildVerb object at 0x7686b013f670>, main=<bound method BuildVerb.main of <colcon_core.verb.build.BuildVerb object at 0x7686b013f670>>, mixin_verb=('build',))
[0.222s] Level 1:colcon.colcon_core.package_discovery:discover_packages(colcon_meta) check parameters
[0.222s] Level 1:colcon.colcon_core.package_discovery:discover_packages(recursive) check parameters
[0.222s] Level 1:colcon.colcon_core.package_discovery:discover_packages(ignore) check parameters
[0.222s] Level 1:colcon.colcon_core.package_discovery:discover_packages(path) check parameters
[0.222s] Level 1:colcon.colcon_core.package_discovery:discover_packages(colcon_meta) discover
[0.222s] Level 1:colcon.colcon_core.package_discovery:discover_packages(recursive) discover
[0.222s] INFO:colcon.colcon_core.package_discovery:Crawling recursively for packages in '/home/ros/urdf_ws'
[0.222s] Level 1:colcon.colcon_core.package_identification:_identify(.) by extensions ['ignore', 'ignore_ament_install']
[0.222s] Level 1:colcon.colcon_core.package_identification:_identify(.) by extension 'ignore'
[0.222s] Level 1:colcon.colcon_core.package_identification:_identify(.) by extension 'ignore_ament_install'
[0.222s] Level 1:colcon.colcon_core.package_identification:_identify(.) by extensions ['colcon_pkg']
[0.222s] Level 1:colcon.colcon_core.package_identification:_identify(.) by extension 'colcon_pkg'
[0.222s] Level 1:colcon.colcon_core.package_identification:_identify(.) by extensions ['colcon_meta']
[0.222s] Level 1:colcon.colcon_core.package_identification:_identify(.) by extension 'colcon_meta'
[0.222s] Level 1:colcon.colcon_core.package_identification:_identify(.) by extensions ['ros']
[0.222s] Level 1:colcon.colcon_core.package_identification:_identify(.) by extension 'ros'
[0.230s] Level 1:colcon.colcon_core.package_identification:_identify(.) by extensions ['cmake', 'python']
[0.231s] Level 1:colcon.colcon_core.package_identification:_identify(.) by extension 'cmake'
[0.231s] Level 1:colcon.colcon_core.package_identification:_identify(.) by extension 'python'
[0.231s] Level 1:colcon.colcon_core.package_identification:_identify(.) by extensions ['python_setup_py']
[0.231s] Level 1:colcon.colcon_core.package_identification:_identify(.) by extension 'python_setup_py'
[0.231s] Level 1:colcon.colcon_core.package_identification:_identify(build) by extensions ['ignore', 'ignore_ament_install']
[0.231s] Level 1:colcon.colcon_core.package_identification:_identify(build) by extension 'ignore'
[0.231s] Level 1:colcon.colcon_core.package_identification:_identify(build) ignored
[0.231s] Level 1:colcon.colcon_core.package_identification:_identify(install) by extensions ['ignore', 'ignore_ament_install']
[0.231s] Level 1:colcon.colcon_core.package_identification:_identify(install) by extension 'ignore'
[0.231s] Level 1:colcon.colcon_core.package_identification:_identify(install) ignored
[0.231s] Level 1:colcon.colcon_core.package_identification:_identify(log) by extensions ['ignore', 'ignore_ament_install']
[0.231s] Level 1:colcon.colcon_core.package_identification:_identify(log) by extension 'ignore'
[0.231s] Level 1:colcon.colcon_core.package_identification:_identify(log) ignored
[0.231s] Level 1:colcon.colcon_core.package_identification:_identify(src) by extensions ['ignore', 'ignore_ament_install']
[0.231s] Level 1:colcon.colcon_core.package_identification:_identify(src) by extension 'ignore'
[0.231s] Level 1:colcon.colcon_core.package_identification:_identify(src) by extension 'ignore_ament_install'
[0.231s] Level 1:colcon.colcon_core.package_identification:_identify(src) by extensions ['colcon_pkg']
[0.231s] Level 1:colcon.colcon_core.package_identification:_identify(src) by extension 'colcon_pkg'
[0.231s] Level 1:colcon.colcon_core.package_identification:_identify(src) by extensions ['colcon_meta']
[0.231s] Level 1:colcon.colcon_core.package_identification:_identify(src) by extension 'colcon_meta'
[0.231s] Level 1:colcon.colcon_core.package_identification:_identify(src) by extensions ['ros']
[0.231s] Level 1:colcon.colcon_core.package_identification:_identify(src) by extension 'ros'
[0.231s] Level 1:colcon.colcon_core.package_identification:_identify(src) by extensions ['cmake', 'python']
[0.232s] Level 1:colcon.colcon_core.package_identification:_identify(src) by extension 'cmake'
[0.232s] Level 1:colcon.colcon_core.package_identification:_identify(src) by extension 'python'
[0.232s] Level 1:colcon.colcon_core.package_identification:_identify(src) by extensions ['python_setup_py']
[0.232s] Level 1:colcon.colcon_core.package_identification:_identify(src) by extension 'python_setup_py'
[0.232s] Level 1:colcon.colcon_core.package_identification:_identify(src/arm) by extensions ['ignore', 'ignore_ament_install']
[0.232s] Level 1:colcon.colcon_core.package_identification:_identify(src/arm) by extension 'ignore'
[0.232s] Level 1:colcon.colcon_core.package_identification:_identify(src/arm) by extension 'ignore_ament_install'
[0.232s] Level 1:colcon.colcon_core.package_identification:_identify(src/arm) by extensions ['colcon_pkg']
[0.232s] Level 1:colcon.colcon_core.package_identification:_identify(src/arm) by extension 'colcon_pkg'
[0.232s] Level 1:colcon.colcon_core.package_identification:_identify(src/arm) by extensions ['colcon_meta']
[0.232s] Level 1:colcon.colcon_core.package_identification:_identify(src/arm) by extension 'colcon_meta'
[0.232s] Level 1:colcon.colcon_core.package_identification:_identify(src/arm) by extensions ['ros']
[0.232s] Level 1:colcon.colcon_core.package_identification:_identify(src/arm) by extension 'ros'
[0.234s] DEBUG:colcon.colcon_core.package_identification:Package 'src/arm' with type 'ros.ament_cmake' and name 'arm'
[0.234s] Level 1:colcon.colcon_core.package_discovery:discover_packages(recursive) using defaults
[0.234s] Level 1:colcon.colcon_core.package_discovery:discover_packages(ignore) discover
[0.234s] Level 1:colcon.colcon_core.package_discovery:discover_packages(ignore) using defaults
[0.234s] Level 1:colcon.colcon_core.package_discovery:discover_packages(path) discover
[0.234s] Level 1:colcon.colcon_core.package_discovery:discover_packages(path) using defaults
[0.264s] Level 1:colcon.colcon_core.package_discovery:discover_packages(prefix_path) check parameters
[0.264s] Level 1:colcon.colcon_core.package_discovery:discover_packages(prefix_path) discover
[0.266s] DEBUG:colcon.colcon_installed_package_information.package_discovery:Found 2 installed packages in /home/ros/urdf_ws/install
[0.267s] DEBUG:colcon.colcon_installed_package_information.package_discovery:Found 9 installed packages in /home/ros/ros2_ws86/install
[0.268s] DEBUG:colcon.colcon_installed_package_information.package_discovery:Found 338 installed packages in /opt/ros/humble
[0.270s] Level 1:colcon.colcon_core.package_discovery:discover_packages(prefix_path) using defaults
[0.303s] Level 5:colcon.colcon_core.verb:set package 'arm' build argument 'cmake_args' from command line to 'None'
[0.303s] Level 5:colcon.colcon_core.verb:set package 'arm' build argument 'cmake_target' from command line to 'None'
[0.303s] Level 5:colcon.colcon_core.verb:set package 'arm' build argument 'cmake_target_skip_unavailable' from command line to 'False'
[0.303s] Level 5:colcon.colcon_core.verb:set package 'arm' build argument 'cmake_clean_cache' from command line to 'False'
[0.303s] Level 5:colcon.colcon_core.verb:set package 'arm' build argument 'cmake_clean_first' from command line to 'False'
[0.303s] Level 5:colcon.colcon_core.verb:set package 'arm' build argument 'cmake_force_configure' from command line to 'False'
[0.303s] Level 5:colcon.colcon_core.verb:set package 'arm' build argument 'ament_cmake_args' from command line to 'None'
[0.303s] Level 5:colcon.colcon_core.verb:set package 'arm' build argument 'catkin_cmake_args' from command line to 'None'
[0.303s] Level 5:colcon.colcon_core.verb:set package 'arm' build argument 'catkin_skip_building_tests' from command line to 'False'
[0.304s] DEBUG:colcon.colcon_core.verb:Building package 'arm' with the following arguments: {'ament_cmake_args': None, 'build_base': '/home/ros/urdf_ws/build/arm', 'catkin_cmake_args': None, 'catkin_skip_building_tests': False, 'cmake_args': None, 'cmake_clean_cache': False, 'cmake_clean_first': False, 'cmake_force_configure': False, 'cmake_target': None, 'cmake_target_skip_unavailable': False, 'install_base': '/home/ros/urdf_ws/install/arm', 'merge_install': False, 'path': '/home/ros/urdf_ws/src/arm', 'symlink_install': False, 'test_result_base': None}
[0.304s] INFO:colcon.colcon_core.executor:Executing jobs using 'parallel' executor
[0.307s] DEBUG:colcon.colcon_parallel_executor.executor.parallel:run_until_complete
[0.307s] INFO:colcon.colcon_ros.task.ament_cmake.build:Building ROS package in '/home/ros/urdf_ws/src/arm' with build type 'ament_cmake'
[0.307s] INFO:colcon.colcon_cmake.task.cmake.build:Building CMake package in '/home/ros/urdf_ws/src/arm'
[0.311s] INFO:colcon.colcon_core.plugin_system:Skipping extension 'colcon_core.shell.bat': Not used on non-Windows systems
[0.311s] INFO:colcon.colcon_core.shell:Skip shell extension 'powershell' for command environment: Not usable outside of PowerShell
[0.311s] DEBUG:colcon.colcon_core.shell:Skip shell extension 'dsv' for command environment
[0.327s] DEBUG:colcon.colcon_core.event_handler.log_command:Invoking command in '/home/ros/urdf_ws/build/arm': CMAKE_PREFIX_PATH=${CMAKE_PREFIX_PATH}:/home/ros/ros2_ws86/install/test_turtle:/home/ros/ros2_ws86/install/test_pkg_with_node:/home/ros/ros2_ws86/install/test_pkg:/home/ros/ros2_ws86/install/service_set_pen:/home/ros/ros2_ws86/install/learning_tf_urdf:/home/ros/ros2_ws86/install/eval_8b:/home/ros/ros2_ws86/install/comprehensive_eval:/opt/ros/humble HISTTIMEFORMAT=%F %T /usr/bin/cmake --build /home/ros/urdf_ws/build/arm -- -j6 -l6
[0.439s] DEBUG:colcon.colcon_core.event_handler.log_command:Invoked command in '/home/ros/urdf_ws/build/arm' returned '0': CMAKE_PREFIX_PATH=${CMAKE_PREFIX_PATH}:/home/ros/ros2_ws86/install/test_turtle:/home/ros/ros2_ws86/install/test_pkg_with_node:/home/ros/ros2_ws86/install/test_pkg:/home/ros/ros2_ws86/install/service_set_pen:/home/ros/ros2_ws86/install/learning_tf_urdf:/home/ros/ros2_ws86/install/eval_8b:/home/ros/ros2_ws86/install/comprehensive_eval:/opt/ros/humble HISTTIMEFORMAT=%F %T /usr/bin/cmake --build /home/ros/urdf_ws/build/arm -- -j6 -l6
[0.915s] DEBUG:colcon.colcon_core.event_handler.log_command:Invoking command in '/home/ros/urdf_ws/build/arm': CMAKE_PREFIX_PATH=${CMAKE_PREFIX_PATH}:/home/ros/ros2_ws86/install/test_turtle:/home/ros/ros2_ws86/install/test_pkg_with_node:/home/ros/ros2_ws86/install/test_pkg:/home/ros/ros2_ws86/install/service_set_pen:/home/ros/ros2_ws86/install/learning_tf_urdf:/home/ros/ros2_ws86/install/eval_8b:/home/ros/ros2_ws86/install/comprehensive_eval:/opt/ros/humble HISTTIMEFORMAT=%F %T /usr/bin/cmake --install /home/ros/urdf_ws/build/arm
[0.918s] Level 1:colcon.colcon_core.environment:create_environment_scripts_only(arm)
[0.920s] DEBUG:colcon.colcon_core.event_handler.log_command:Invoked command in '/home/ros/urdf_ws/build/arm' returned '0': CMAKE_PREFIX_PATH=${CMAKE_PREFIX_PATH}:/home/ros/ros2_ws86/install/test_turtle:/home/ros/ros2_ws86/install/test_pkg_with_node:/home/ros/ros2_ws86/install/test_pkg:/home/ros/ros2_ws86/install/service_set_pen:/home/ros/ros2_ws86/install/learning_tf_urdf:/home/ros/ros2_ws86/install/eval_8b:/home/ros/ros2_ws86/install/comprehensive_eval:/opt/ros/humble HISTTIMEFORMAT=%F %T /usr/bin/cmake --install /home/ros/urdf_ws/build/arm
[0.922s] Level 1:colcon.colcon_core.environment:checking '/home/ros/urdf_ws/install/arm' for CMake module files
[0.922s] Level 1:colcon.colcon_core.environment:checking '/home/ros/urdf_ws/install/arm' for CMake config files
[0.923s] Level 1:colcon.colcon_core.shell:create_environment_hook('arm', 'cmake_prefix_path')
[0.923s] INFO:colcon.colcon_core.shell:Creating environment hook '/home/ros/urdf_ws/install/arm/share/arm/hook/cmake_prefix_path.ps1'
[0.923s] INFO:colcon.colcon_core.shell:Creating environment descriptor '/home/ros/urdf_ws/install/arm/share/arm/hook/cmake_prefix_path.dsv'
[0.924s] INFO:colcon.colcon_core.shell:Creating environment hook '/home/ros/urdf_ws/install/arm/share/arm/hook/cmake_prefix_path.sh'
[0.925s] Level 1:colcon.colcon_core.environment:checking '/home/ros/urdf_ws/install/arm/bin'
[0.925s] Level 1:colcon.colcon_core.environment:checking '/home/ros/urdf_ws/install/arm/lib/pkgconfig/arm.pc'
[0.925s] Level 1:colcon.colcon_core.environment:checking '/home/ros/urdf_ws/install/arm/lib/python3.10/site-packages'
[0.925s] Level 1:colcon.colcon_core.environment:checking '/home/ros/urdf_ws/install/arm/bin'
[0.925s] INFO:colcon.colcon_core.shell:Creating package script '/home/ros/urdf_ws/install/arm/share/arm/package.ps1'
[0.926s] INFO:colcon.colcon_core.shell:Creating package descriptor '/home/ros/urdf_ws/install/arm/share/arm/package.dsv'
[0.927s] INFO:colcon.colcon_core.shell:Creating package script '/home/ros/urdf_ws/install/arm/share/arm/package.sh'
[0.927s] INFO:colcon.colcon_core.shell:Creating package script '/home/ros/urdf_ws/install/arm/share/arm/package.bash'
[0.928s] INFO:colcon.colcon_core.shell:Creating package script '/home/ros/urdf_ws/install/arm/share/arm/package.zsh'
[0.929s] Level 1:colcon.colcon_core.environment:create_file_with_runtime_dependencies(/home/ros/urdf_ws/install/arm/share/colcon-core/packages/arm)
[1.233s] Level 1:colcon.colcon_core.environment:create_environment_scripts_only(arm)
[1.234s] Level 1:colcon.colcon_core.environment:checking '/home/ros/urdf_ws/install/arm' for CMake module files
[1.234s] Level 1:colcon.colcon_core.environment:checking '/home/ros/urdf_ws/install/arm' for CMake config files
[1.235s] Level 1:colcon.colcon_core.shell:create_environment_hook('arm', 'cmake_prefix_path')
[1.235s] INFO:colcon.colcon_core.shell:Creating environment hook '/home/ros/urdf_ws/install/arm/share/arm/hook/cmake_prefix_path.ps1'
[1.237s] INFO:colcon.colcon_core.shell:Creating environment descriptor '/home/ros/urdf_ws/install/arm/share/arm/hook/cmake_prefix_path.dsv'
[1.238s] INFO:colcon.colcon_core.shell:Creating environment hook '/home/ros/urdf_ws/install/arm/share/arm/hook/cmake_prefix_path.sh'
[1.243s] Level 1:colcon.colcon_core.environment:checking '/home/ros/urdf_ws/install/arm/bin'
[1.265s] Level 1:colcon.colcon_core.environment:checking '/home/ros/urdf_ws/install/arm/lib/pkgconfig/arm.pc'
[1.268s] Level 1:colcon.colcon_core.environment:checking '/home/ros/urdf_ws/install/arm/lib/python3.10/site-packages'
[1.269s] Level 1:colcon.colcon_core.environment:checking '/home/ros/urdf_ws/install/arm/bin'
[1.269s] INFO:colcon.colcon_core.shell:Creating package script '/home/ros/urdf_ws/install/arm/share/arm/package.ps1'
[1.298s] INFO:colcon.colcon_core.shell:Creating package descriptor '/home/ros/urdf_ws/install/arm/share/arm/package.dsv'
[1.299s] INFO:colcon.colcon_core.shell:Creating package script '/home/ros/urdf_ws/install/arm/share/arm/package.sh'
[1.305s] INFO:colcon.colcon_core.shell:Creating package script '/home/ros/urdf_ws/install/arm/share/arm/package.bash'
[1.312s] INFO:colcon.colcon_core.shell:Creating package script '/home/ros/urdf_ws/install/arm/share/arm/package.zsh'
[1.318s] Level 1:colcon.colcon_core.environment:create_file_with_runtime_dependencies(/home/ros/urdf_ws/install/arm/share/colcon-core/packages/arm)
[1.319s] DEBUG:colcon.colcon_parallel_executor.executor.parallel:closing loop
[1.319s] DEBUG:colcon.colcon_parallel_executor.executor.parallel:loop closed
[1.320s] DEBUG:colcon.colcon_parallel_executor.executor.parallel:run_until_complete finished with '0'
[1.320s] DEBUG:colcon.colcon_core.event_reactor:joining thread
[1.375s] INFO:colcon.colcon_core.plugin_system:Skipping extension 'colcon_notification.desktop_notification.terminal_notifier': Not used on non-Darwin systems
[1.379s] INFO:colcon.colcon_core.plugin_system:Skipping extension 'colcon_notification.desktop_notification.win32': Not used on non-Windows systems
[1.379s] INFO:colcon.colcon_notification.desktop_notification:Sending desktop notification using 'notify2'
[1.608s] DEBUG:colcon.colcon_core.event_reactor:joined thread
[1.609s] INFO:colcon.colcon_core.shell:Creating prefix script '/home/ros/urdf_ws/install/local_setup.ps1'
[1.640s] INFO:colcon.colcon_core.shell:Creating prefix util module '/home/ros/urdf_ws/install/_local_setup_util_ps1.py'
[1.653s] INFO:colcon.colcon_core.shell:Creating prefix chain script '/home/ros/urdf_ws/install/setup.ps1'
[1.665s] INFO:colcon.colcon_core.shell:Creating prefix script '/home/ros/urdf_ws/install/local_setup.sh'
[1.677s] INFO:colcon.colcon_core.shell:Creating prefix util module '/home/ros/urdf_ws/install/_local_setup_util_sh.py'
[1.684s] INFO:colcon.colcon_core.shell:Creating prefix chain script '/home/ros/urdf_ws/install/setup.sh'
[1.700s] INFO:colcon.colcon_core.shell:Creating prefix script '/home/ros/urdf_ws/install/local_setup.bash'
[1.710s] INFO:colcon.colcon_core.shell:Creating prefix chain script '/home/ros/urdf_ws/install/setup.bash'
[1.719s] INFO:colcon.colcon_core.shell:Creating prefix script '/home/ros/urdf_ws/install/local_setup.zsh'
[1.728s] INFO:colcon.colcon_core.shell:Creating prefix chain script '/home/ros/urdf_ws/install/setup.zsh'
