[0.888s] DEBUG:colcon:Command line arguments: ['/usr/bin/colcon', 'build']
[0.888s] DEBUG:colcon:Parsed command line arguments: Namespace(log_base=None, log_level=None, verb_name='build', build_base='build', install_base='install', merge_install=False, symlink_install=False, test_result_base=None, continue_on_error=False, executor='parallel', parallel_workers=6, event_handlers=None, ignore_user_meta=False, metas=['./colcon.meta'], base_paths=['.'], packages_ignore=None, packages_ignore_regex=None, paths=None, packages_up_to=None, packages_up_to_regex=None, packages_above=None, packages_above_and_dependencies=None, packages_above_depth=None, packages_select_by_dep=None, packages_skip_by_dep=None, packages_skip_up_to=None, packages_select_build_failed=False, packages_skip_build_finished=False, packages_select_test_failures=False, packages_skip_test_passed=False, packages_select=None, packages_skip=None, packages_select_regex=None, packages_skip_regex=None, packages_start=None, packages_end=None, allow_overriding=[], cmake_args=None, cmake_target=None, cmake_target_skip_unavailable=False, cmake_clean_cache=False, cmake_clean_first=False, cmake_force_configure=False, ament_cmake_args=None, catkin_cmake_args=None, catkin_skip_building_tests=False, mixin_files=None, mixin=None, verb_parser=<colcon_mixin.mixin.mixin_argument.MixinArgumentDecorator object at 0x780b0d65bdf0>, verb_extension=<colcon_core.verb.build.BuildVerb object at 0x780b0d79cca0>, main=<bound method BuildVerb.main of <colcon_core.verb.build.BuildVerb object at 0x780b0d79cca0>>, mixin_verb=('build',))
[2.708s] Level 1:colcon.colcon_core.package_discovery:discover_packages(colcon_meta) check parameters
[2.708s] Level 1:colcon.colcon_core.package_discovery:discover_packages(recursive) check parameters
[2.708s] Level 1:colcon.colcon_core.package_discovery:discover_packages(ignore) check parameters
[2.708s] Level 1:colcon.colcon_core.package_discovery:discover_packages(path) check parameters
[2.708s] Level 1:colcon.colcon_core.package_discovery:discover_packages(colcon_meta) discover
[2.710s] Level 1:colcon.colcon_core.package_discovery:discover_packages(recursive) discover
[2.710s] INFO:colcon.colcon_core.package_discovery:Crawling recursively for packages in '/home/ros/urdf_ws'
[2.710s] Level 1:colcon.colcon_core.package_identification:_identify(.) by extensions ['ignore', 'ignore_ament_install']
[2.710s] Level 1:colcon.colcon_core.package_identification:_identify(.) by extension 'ignore'
[2.710s] Level 1:colcon.colcon_core.package_identification:_identify(.) by extension 'ignore_ament_install'
[2.710s] Level 1:colcon.colcon_core.package_identification:_identify(.) by extensions ['colcon_pkg']
[2.710s] Level 1:colcon.colcon_core.package_identification:_identify(.) by extension 'colcon_pkg'
[2.710s] Level 1:colcon.colcon_core.package_identification:_identify(.) by extensions ['colcon_meta']
[2.710s] Level 1:colcon.colcon_core.package_identification:_identify(.) by extension 'colcon_meta'
[2.710s] Level 1:colcon.colcon_core.package_identification:_identify(.) by extensions ['ros']
[2.710s] Level 1:colcon.colcon_core.package_identification:_identify(.) by extension 'ros'
[2.737s] Level 1:colcon.colcon_core.package_identification:_identify(.) by extensions ['cmake', 'python']
[2.738s] Level 1:colcon.colcon_core.package_identification:_identify(.) by extension 'cmake'
[2.738s] Level 1:colcon.colcon_core.package_identification:_identify(.) by extension 'python'
[2.738s] Level 1:colcon.colcon_core.package_identification:_identify(.) by extensions ['python_setup_py']
[2.738s] Level 1:colcon.colcon_core.package_identification:_identify(.) by extension 'python_setup_py'
[2.738s] Level 1:colcon.colcon_core.package_identification:_identify(build) by extensions ['ignore', 'ignore_ament_install']
[2.738s] Level 1:colcon.colcon_core.package_identification:_identify(build) by extension 'ignore'
[2.738s] Level 1:colcon.colcon_core.package_identification:_identify(build) ignored
[2.738s] Level 1:colcon.colcon_core.package_identification:_identify(install) by extensions ['ignore', 'ignore_ament_install']
[2.738s] Level 1:colcon.colcon_core.package_identification:_identify(install) by extension 'ignore'
[2.738s] Level 1:colcon.colcon_core.package_identification:_identify(install) ignored
[2.738s] Level 1:colcon.colcon_core.package_identification:_identify(log) by extensions ['ignore', 'ignore_ament_install']
[2.738s] Level 1:colcon.colcon_core.package_identification:_identify(log) by extension 'ignore'
[2.738s] Level 1:colcon.colcon_core.package_identification:_identify(log) ignored
[2.739s] Level 1:colcon.colcon_core.package_identification:_identify(src) by extensions ['ignore', 'ignore_ament_install']
[2.739s] Level 1:colcon.colcon_core.package_identification:_identify(src) by extension 'ignore'
[2.739s] Level 1:colcon.colcon_core.package_identification:_identify(src) by extension 'ignore_ament_install'
[2.739s] Level 1:colcon.colcon_core.package_identification:_identify(src) by extensions ['colcon_pkg']
[2.739s] Level 1:colcon.colcon_core.package_identification:_identify(src) by extension 'colcon_pkg'
[2.739s] Level 1:colcon.colcon_core.package_identification:_identify(src) by extensions ['colcon_meta']
[2.739s] Level 1:colcon.colcon_core.package_identification:_identify(src) by extension 'colcon_meta'
[2.739s] Level 1:colcon.colcon_core.package_identification:_identify(src) by extensions ['ros']
[2.740s] Level 1:colcon.colcon_core.package_identification:_identify(src) by extension 'ros'
[2.740s] Level 1:colcon.colcon_core.package_identification:_identify(src) by extensions ['cmake', 'python']
[2.740s] Level 1:colcon.colcon_core.package_identification:_identify(src) by extension 'cmake'
[2.740s] Level 1:colcon.colcon_core.package_identification:_identify(src) by extension 'python'
[2.740s] Level 1:colcon.colcon_core.package_identification:_identify(src) by extensions ['python_setup_py']
[2.740s] Level 1:colcon.colcon_core.package_identification:_identify(src) by extension 'python_setup_py'
[2.740s] Level 1:colcon.colcon_core.package_identification:_identify(src/arm) by extensions ['ignore', 'ignore_ament_install']
[2.740s] Level 1:colcon.colcon_core.package_identification:_identify(src/arm) by extension 'ignore'
[2.740s] Level 1:colcon.colcon_core.package_identification:_identify(src/arm) by extension 'ignore_ament_install'
[2.741s] Level 1:colcon.colcon_core.package_identification:_identify(src/arm) by extensions ['colcon_pkg']
[2.741s] Level 1:colcon.colcon_core.package_identification:_identify(src/arm) by extension 'colcon_pkg'
[2.741s] Level 1:colcon.colcon_core.package_identification:_identify(src/arm) by extensions ['colcon_meta']
[2.741s] Level 1:colcon.colcon_core.package_identification:_identify(src/arm) by extension 'colcon_meta'
[2.741s] Level 1:colcon.colcon_core.package_identification:_identify(src/arm) by extensions ['ros']
[2.741s] Level 1:colcon.colcon_core.package_identification:_identify(src/arm) by extension 'ros'
[2.765s] DEBUG:colcon.colcon_core.package_identification:Package 'src/arm' with type 'ros.ament_cmake' and name 'arm'
[2.766s] Level 1:colcon.colcon_core.package_identification:_identify(src/robot_controller) by extensions ['ignore', 'ignore_ament_install']
[2.766s] Level 1:colcon.colcon_core.package_identification:_identify(src/robot_controller) by extension 'ignore'
[2.766s] Level 1:colcon.colcon_core.package_identification:_identify(src/robot_controller) by extension 'ignore_ament_install'
[2.766s] Level 1:colcon.colcon_core.package_identification:_identify(src/robot_controller) by extensions ['colcon_pkg']
[2.766s] Level 1:colcon.colcon_core.package_identification:_identify(src/robot_controller) by extension 'colcon_pkg'
[2.766s] Level 1:colcon.colcon_core.package_identification:_identify(src/robot_controller) by extensions ['colcon_meta']
[2.766s] Level 1:colcon.colcon_core.package_identification:_identify(src/robot_controller) by extension 'colcon_meta'
[2.766s] Level 1:colcon.colcon_core.package_identification:_identify(src/robot_controller) by extensions ['ros']
[2.766s] Level 1:colcon.colcon_core.package_identification:_identify(src/robot_controller) by extension 'ros'
[2.767s] DEBUG:colcon.colcon_core.package_identification:Package 'src/robot_controller' with type 'ros.ament_cmake' and name 'robot_controller'
[2.767s] Level 1:colcon.colcon_core.package_discovery:discover_packages(recursive) using defaults
[2.767s] Level 1:colcon.colcon_core.package_discovery:discover_packages(ignore) discover
[2.767s] Level 1:colcon.colcon_core.package_discovery:discover_packages(ignore) using defaults
[2.767s] Level 1:colcon.colcon_core.package_discovery:discover_packages(path) discover
[2.767s] Level 1:colcon.colcon_core.package_discovery:discover_packages(path) using defaults
[2.811s] Level 1:colcon.colcon_core.package_discovery:discover_packages(prefix_path) check parameters
[2.812s] Level 1:colcon.colcon_core.package_discovery:discover_packages(prefix_path) discover
[2.825s] DEBUG:colcon.colcon_installed_package_information.package_discovery:Found 9 installed packages in /home/ros/ros2_ws86/install
[2.827s] DEBUG:colcon.colcon_installed_package_information.package_discovery:Found 399 installed packages in /opt/ros/humble
[2.830s] Level 1:colcon.colcon_core.package_discovery:discover_packages(prefix_path) using defaults
[2.975s] Level 5:colcon.colcon_core.verb:set package 'arm' build argument 'cmake_args' from command line to 'None'
[2.975s] Level 5:colcon.colcon_core.verb:set package 'arm' build argument 'cmake_target' from command line to 'None'
[2.975s] Level 5:colcon.colcon_core.verb:set package 'arm' build argument 'cmake_target_skip_unavailable' from command line to 'False'
[2.975s] Level 5:colcon.colcon_core.verb:set package 'arm' build argument 'cmake_clean_cache' from command line to 'False'
[2.975s] Level 5:colcon.colcon_core.verb:set package 'arm' build argument 'cmake_clean_first' from command line to 'False'
[2.975s] Level 5:colcon.colcon_core.verb:set package 'arm' build argument 'cmake_force_configure' from command line to 'False'
[2.976s] Level 5:colcon.colcon_core.verb:set package 'arm' build argument 'ament_cmake_args' from command line to 'None'
[2.976s] Level 5:colcon.colcon_core.verb:set package 'arm' build argument 'catkin_cmake_args' from command line to 'None'
[2.976s] Level 5:colcon.colcon_core.verb:set package 'arm' build argument 'catkin_skip_building_tests' from command line to 'False'
[2.976s] DEBUG:colcon.colcon_core.verb:Building package 'arm' with the following arguments: {'ament_cmake_args': None, 'build_base': '/home/ros/urdf_ws/build/arm', 'catkin_cmake_args': None, 'catkin_skip_building_tests': False, 'cmake_args': None, 'cmake_clean_cache': False, 'cmake_clean_first': False, 'cmake_force_configure': False, 'cmake_target': None, 'cmake_target_skip_unavailable': False, 'install_base': '/home/ros/urdf_ws/install/arm', 'merge_install': False, 'path': '/home/ros/urdf_ws/src/arm', 'symlink_install': False, 'test_result_base': None}
[2.976s] Level 5:colcon.colcon_core.verb:set package 'robot_controller' build argument 'cmake_args' from command line to 'None'
[2.976s] Level 5:colcon.colcon_core.verb:set package 'robot_controller' build argument 'cmake_target' from command line to 'None'
[2.976s] Level 5:colcon.colcon_core.verb:set package 'robot_controller' build argument 'cmake_target_skip_unavailable' from command line to 'False'
[2.976s] Level 5:colcon.colcon_core.verb:set package 'robot_controller' build argument 'cmake_clean_cache' from command line to 'False'
[2.976s] Level 5:colcon.colcon_core.verb:set package 'robot_controller' build argument 'cmake_clean_first' from command line to 'False'
[2.976s] Level 5:colcon.colcon_core.verb:set package 'robot_controller' build argument 'cmake_force_configure' from command line to 'False'
[2.976s] Level 5:colcon.colcon_core.verb:set package 'robot_controller' build argument 'ament_cmake_args' from command line to 'None'
[2.976s] Level 5:colcon.colcon_core.verb:set package 'robot_controller' build argument 'catkin_cmake_args' from command line to 'None'
[2.976s] Level 5:colcon.colcon_core.verb:set package 'robot_controller' build argument 'catkin_skip_building_tests' from command line to 'False'
[2.976s] DEBUG:colcon.colcon_core.verb:Building package 'robot_controller' with the following arguments: {'ament_cmake_args': None, 'build_base': '/home/ros/urdf_ws/build/robot_controller', 'catkin_cmake_args': None, 'catkin_skip_building_tests': False, 'cmake_args': None, 'cmake_clean_cache': False, 'cmake_clean_first': False, 'cmake_force_configure': False, 'cmake_target': None, 'cmake_target_skip_unavailable': False, 'install_base': '/home/ros/urdf_ws/install/robot_controller', 'merge_install': False, 'path': '/home/ros/urdf_ws/src/robot_controller', 'symlink_install': False, 'test_result_base': None}
[2.976s] INFO:colcon.colcon_core.executor:Executing jobs using 'parallel' executor
[2.979s] DEBUG:colcon.colcon_parallel_executor.executor.parallel:run_until_complete
[2.980s] INFO:colcon.colcon_ros.task.ament_cmake.build:Building ROS package in '/home/ros/urdf_ws/src/arm' with build type 'ament_cmake'
[2.980s] INFO:colcon.colcon_cmake.task.cmake.build:Building CMake package in '/home/ros/urdf_ws/src/arm'
[3.011s] INFO:colcon.colcon_core.plugin_system:Skipping extension 'colcon_core.shell.bat': Not used on non-Windows systems
[3.011s] INFO:colcon.colcon_core.shell:Skip shell extension 'powershell' for command environment: Not usable outside of PowerShell
[3.011s] DEBUG:colcon.colcon_core.shell:Skip shell extension 'dsv' for command environment
[3.062s] INFO:colcon.colcon_ros.task.ament_cmake.build:Building ROS package in '/home/ros/urdf_ws/src/robot_controller' with build type 'ament_cmake'
[3.064s] INFO:colcon.colcon_cmake.task.cmake.build:Building CMake package in '/home/ros/urdf_ws/src/robot_controller'
[3.066s] INFO:colcon.colcon_core.shell:Skip shell extension 'powershell' for command environment: Not usable outside of PowerShell
[3.066s] DEBUG:colcon.colcon_core.shell:Skip shell extension 'dsv' for command environment
[3.155s] DEBUG:colcon.colcon_core.event_handler.log_command:Invoking command in '/home/ros/urdf_ws/build/arm': CMAKE_PREFIX_PATH=${CMAKE_PREFIX_PATH}:/home/ros/ros2_ws86/install/test_turtle:/home/ros/ros2_ws86/install/test_pkg_with_node:/home/ros/ros2_ws86/install/test_pkg:/home/ros/ros2_ws86/install/service_set_pen:/home/ros/ros2_ws86/install/learning_tf_urdf:/home/ros/ros2_ws86/install/eval_8b:/home/ros/ros2_ws86/install/comprehensive_eval:/opt/ros/humble HISTTIMEFORMAT=%F %T /usr/bin/cmake --build /home/ros/urdf_ws/build/arm -- -j6 -l6
[3.219s] DEBUG:colcon.colcon_core.event_handler.log_command:Invoking command in '/home/ros/urdf_ws/build/robot_controller': CMAKE_PREFIX_PATH=${CMAKE_PREFIX_PATH}:/home/ros/ros2_ws86/install/test_turtle:/home/ros/ros2_ws86/install/test_pkg_with_node:/home/ros/ros2_ws86/install/test_pkg:/home/ros/ros2_ws86/install/service_set_pen:/home/ros/ros2_ws86/install/learning_tf_urdf:/home/ros/ros2_ws86/install/eval_8b:/home/ros/ros2_ws86/install/comprehensive_eval:/opt/ros/humble HISTTIMEFORMAT=%F %T /usr/bin/cmake --build /home/ros/urdf_ws/build/robot_controller -- -j6 -l6
[4.509s] DEBUG:colcon.colcon_core.event_handler.log_command:Invoked command in '/home/ros/urdf_ws/build/arm' returned '0': CMAKE_PREFIX_PATH=${CMAKE_PREFIX_PATH}:/home/ros/ros2_ws86/install/test_turtle:/home/ros/ros2_ws86/install/test_pkg_with_node:/home/ros/ros2_ws86/install/test_pkg:/home/ros/ros2_ws86/install/service_set_pen:/home/ros/ros2_ws86/install/learning_tf_urdf:/home/ros/ros2_ws86/install/eval_8b:/home/ros/ros2_ws86/install/comprehensive_eval:/opt/ros/humble HISTTIMEFORMAT=%F %T /usr/bin/cmake --build /home/ros/urdf_ws/build/arm -- -j6 -l6
[4.556s] DEBUG:colcon.colcon_core.event_handler.log_command:Invoked command in '/home/ros/urdf_ws/build/robot_controller' returned '0': CMAKE_PREFIX_PATH=${CMAKE_PREFIX_PATH}:/home/ros/ros2_ws86/install/test_turtle:/home/ros/ros2_ws86/install/test_pkg_with_node:/home/ros/ros2_ws86/install/test_pkg:/home/ros/ros2_ws86/install/service_set_pen:/home/ros/ros2_ws86/install/learning_tf_urdf:/home/ros/ros2_ws86/install/eval_8b:/home/ros/ros2_ws86/install/comprehensive_eval:/opt/ros/humble HISTTIMEFORMAT=%F %T /usr/bin/cmake --build /home/ros/urdf_ws/build/robot_controller -- -j6 -l6
[4.737s] DEBUG:colcon.colcon_core.event_handler.log_command:Invoking command in '/home/ros/urdf_ws/build/robot_controller': CMAKE_PREFIX_PATH=${CMAKE_PREFIX_PATH}:/home/ros/ros2_ws86/install/test_turtle:/home/ros/ros2_ws86/install/test_pkg_with_node:/home/ros/ros2_ws86/install/test_pkg:/home/ros/ros2_ws86/install/service_set_pen:/home/ros/ros2_ws86/install/learning_tf_urdf:/home/ros/ros2_ws86/install/eval_8b:/home/ros/ros2_ws86/install/comprehensive_eval:/opt/ros/humble HISTTIMEFORMAT=%F %T /usr/bin/cmake --install /home/ros/urdf_ws/build/robot_controller
[4.925s] Level 1:colcon.colcon_core.environment:create_environment_scripts_only(arm)
[4.932s] DEBUG:colcon.colcon_core.event_handler.log_command:Invoking command in '/home/ros/urdf_ws/build/arm': CMAKE_PREFIX_PATH=${CMAKE_PREFIX_PATH}:/home/ros/ros2_ws86/install/test_turtle:/home/ros/ros2_ws86/install/test_pkg_with_node:/home/ros/ros2_ws86/install/test_pkg:/home/ros/ros2_ws86/install/service_set_pen:/home/ros/ros2_ws86/install/learning_tf_urdf:/home/ros/ros2_ws86/install/eval_8b:/home/ros/ros2_ws86/install/comprehensive_eval:/opt/ros/humble HISTTIMEFORMAT=%F %T /usr/bin/cmake --install /home/ros/urdf_ws/build/arm
[4.942s] DEBUG:colcon.colcon_core.event_handler.log_command:Invoked command in '/home/ros/urdf_ws/build/arm' returned '0': CMAKE_PREFIX_PATH=${CMAKE_PREFIX_PATH}:/home/ros/ros2_ws86/install/test_turtle:/home/ros/ros2_ws86/install/test_pkg_with_node:/home/ros/ros2_ws86/install/test_pkg:/home/ros/ros2_ws86/install/service_set_pen:/home/ros/ros2_ws86/install/learning_tf_urdf:/home/ros/ros2_ws86/install/eval_8b:/home/ros/ros2_ws86/install/comprehensive_eval:/opt/ros/humble HISTTIMEFORMAT=%F %T /usr/bin/cmake --install /home/ros/urdf_ws/build/arm
[5.047s] Level 1:colcon.colcon_core.environment:checking '/home/ros/urdf_ws/install/arm' for CMake module files
[5.047s] Level 1:colcon.colcon_core.environment:checking '/home/ros/urdf_ws/install/arm' for CMake config files
[5.048s] Level 1:colcon.colcon_core.shell:create_environment_hook('arm', 'cmake_prefix_path')
[5.048s] INFO:colcon.colcon_core.shell:Creating environment hook '/home/ros/urdf_ws/install/arm/share/arm/hook/cmake_prefix_path.ps1'
[5.050s] INFO:colcon.colcon_core.shell:Creating environment descriptor '/home/ros/urdf_ws/install/arm/share/arm/hook/cmake_prefix_path.dsv'
[5.051s] INFO:colcon.colcon_core.shell:Creating environment hook '/home/ros/urdf_ws/install/arm/share/arm/hook/cmake_prefix_path.sh'
[5.053s] Level 1:colcon.colcon_core.environment:checking '/home/ros/urdf_ws/install/arm/bin'
[5.053s] Level 1:colcon.colcon_core.environment:checking '/home/ros/urdf_ws/install/arm/lib/pkgconfig/arm.pc'
[5.053s] Level 1:colcon.colcon_core.environment:checking '/home/ros/urdf_ws/install/arm/lib/python3.10/site-packages'
[5.053s] Level 1:colcon.colcon_core.environment:checking '/home/ros/urdf_ws/install/arm/bin'
[5.053s] INFO:colcon.colcon_core.shell:Creating package script '/home/ros/urdf_ws/install/arm/share/arm/package.ps1'
[5.054s] INFO:colcon.colcon_core.shell:Creating package descriptor '/home/ros/urdf_ws/install/arm/share/arm/package.dsv'
[5.055s] INFO:colcon.colcon_core.shell:Creating package script '/home/ros/urdf_ws/install/arm/share/arm/package.sh'
[5.056s] INFO:colcon.colcon_core.shell:Creating package script '/home/ros/urdf_ws/install/arm/share/arm/package.bash'
[5.072s] INFO:colcon.colcon_core.shell:Creating package script '/home/ros/urdf_ws/install/arm/share/arm/package.zsh'
[5.111s] Level 1:colcon.colcon_core.environment:create_file_with_runtime_dependencies(/home/ros/urdf_ws/install/arm/share/colcon-core/packages/arm)
[5.132s] Level 1:colcon.colcon_core.environment:create_environment_scripts_only(robot_controller)
[5.136s] Level 1:colcon.colcon_core.environment:checking '/home/ros/urdf_ws/install/robot_controller' for CMake module files
[5.137s] Level 1:colcon.colcon_core.environment:checking '/home/ros/urdf_ws/install/robot_controller' for CMake config files
[5.137s] Level 1:colcon.colcon_core.shell:create_environment_hook('robot_controller', 'cmake_prefix_path')
[5.137s] INFO:colcon.colcon_core.shell:Creating environment hook '/home/ros/urdf_ws/install/robot_controller/share/robot_controller/hook/cmake_prefix_path.ps1'
[5.138s] INFO:colcon.colcon_core.shell:Creating environment descriptor '/home/ros/urdf_ws/install/robot_controller/share/robot_controller/hook/cmake_prefix_path.dsv'
[5.138s] INFO:colcon.colcon_core.shell:Creating environment hook '/home/ros/urdf_ws/install/robot_controller/share/robot_controller/hook/cmake_prefix_path.sh'
[5.139s] Level 1:colcon.colcon_core.environment:checking '/home/ros/urdf_ws/install/robot_controller/bin'
[5.139s] Level 1:colcon.colcon_core.environment:checking '/home/ros/urdf_ws/install/robot_controller/lib/pkgconfig/robot_controller.pc'
[5.139s] Level 1:colcon.colcon_core.environment:checking '/home/ros/urdf_ws/install/robot_controller/lib/python3.10/site-packages'
[5.139s] Level 1:colcon.colcon_core.environment:checking '/home/ros/urdf_ws/install/robot_controller/bin'
[5.139s] INFO:colcon.colcon_core.shell:Creating package script '/home/ros/urdf_ws/install/robot_controller/share/robot_controller/package.ps1'
[5.140s] INFO:colcon.colcon_core.shell:Creating package descriptor '/home/ros/urdf_ws/install/robot_controller/share/robot_controller/package.dsv'
[5.147s] DEBUG:colcon.colcon_core.event_handler.log_command:Invoked command in '/home/ros/urdf_ws/build/robot_controller' returned '0': CMAKE_PREFIX_PATH=${CMAKE_PREFIX_PATH}:/home/ros/ros2_ws86/install/test_turtle:/home/ros/ros2_ws86/install/test_pkg_with_node:/home/ros/ros2_ws86/install/test_pkg:/home/ros/ros2_ws86/install/service_set_pen:/home/ros/ros2_ws86/install/learning_tf_urdf:/home/ros/ros2_ws86/install/eval_8b:/home/ros/ros2_ws86/install/comprehensive_eval:/opt/ros/humble HISTTIMEFORMAT=%F %T /usr/bin/cmake --install /home/ros/urdf_ws/build/robot_controller
[5.150s] INFO:colcon.colcon_core.shell:Creating package script '/home/ros/urdf_ws/install/robot_controller/share/robot_controller/package.sh'
[5.154s] INFO:colcon.colcon_core.shell:Creating package script '/home/ros/urdf_ws/install/robot_controller/share/robot_controller/package.bash'
[5.176s] INFO:colcon.colcon_core.shell:Creating package script '/home/ros/urdf_ws/install/robot_controller/share/robot_controller/package.zsh'
[5.179s] Level 1:colcon.colcon_core.environment:create_file_with_runtime_dependencies(/home/ros/urdf_ws/install/robot_controller/share/colcon-core/packages/robot_controller)
[5.180s] Level 1:colcon.colcon_core.environment:create_environment_scripts_only(robot_controller)
[5.180s] Level 1:colcon.colcon_core.environment:checking '/home/ros/urdf_ws/install/robot_controller' for CMake module files
[5.180s] Level 1:colcon.colcon_core.environment:checking '/home/ros/urdf_ws/install/robot_controller' for CMake config files
[5.180s] Level 1:colcon.colcon_core.shell:create_environment_hook('robot_controller', 'cmake_prefix_path')
[5.180s] INFO:colcon.colcon_core.shell:Creating environment hook '/home/ros/urdf_ws/install/robot_controller/share/robot_controller/hook/cmake_prefix_path.ps1'
[5.190s] INFO:colcon.colcon_core.shell:Creating environment descriptor '/home/ros/urdf_ws/install/robot_controller/share/robot_controller/hook/cmake_prefix_path.dsv'
[5.199s] INFO:colcon.colcon_core.shell:Creating environment hook '/home/ros/urdf_ws/install/robot_controller/share/robot_controller/hook/cmake_prefix_path.sh'
[5.211s] Level 1:colcon.colcon_core.environment:checking '/home/ros/urdf_ws/install/robot_controller/bin'
[5.211s] Level 1:colcon.colcon_core.environment:checking '/home/ros/urdf_ws/install/robot_controller/lib/pkgconfig/robot_controller.pc'
[5.211s] Level 1:colcon.colcon_core.environment:checking '/home/ros/urdf_ws/install/robot_controller/lib/python3.10/site-packages'
[5.211s] Level 1:colcon.colcon_core.environment:checking '/home/ros/urdf_ws/install/robot_controller/bin'
[5.212s] INFO:colcon.colcon_core.shell:Creating package script '/home/ros/urdf_ws/install/robot_controller/share/robot_controller/package.ps1'
[5.218s] INFO:colcon.colcon_core.shell:Creating package descriptor '/home/ros/urdf_ws/install/robot_controller/share/robot_controller/package.dsv'
[5.250s] INFO:colcon.colcon_core.shell:Creating package script '/home/ros/urdf_ws/install/robot_controller/share/robot_controller/package.sh'
[5.262s] INFO:colcon.colcon_core.shell:Creating package script '/home/ros/urdf_ws/install/robot_controller/share/robot_controller/package.bash'
[5.295s] INFO:colcon.colcon_core.shell:Creating package script '/home/ros/urdf_ws/install/robot_controller/share/robot_controller/package.zsh'
[5.297s] Level 1:colcon.colcon_core.environment:create_file_with_runtime_dependencies(/home/ros/urdf_ws/install/robot_controller/share/colcon-core/packages/robot_controller)
[5.398s] Level 1:colcon.colcon_core.environment:create_environment_scripts_only(arm)
[5.398s] Level 1:colcon.colcon_core.environment:checking '/home/ros/urdf_ws/install/arm' for CMake module files
[5.398s] Level 1:colcon.colcon_core.environment:checking '/home/ros/urdf_ws/install/arm' for CMake config files
[5.399s] Level 1:colcon.colcon_core.shell:create_environment_hook('arm', 'cmake_prefix_path')
[5.399s] INFO:colcon.colcon_core.shell:Creating environment hook '/home/ros/urdf_ws/install/arm/share/arm/hook/cmake_prefix_path.ps1'
[5.414s] INFO:colcon.colcon_core.shell:Creating environment descriptor '/home/ros/urdf_ws/install/arm/share/arm/hook/cmake_prefix_path.dsv'
[5.415s] INFO:colcon.colcon_core.shell:Creating environment hook '/home/ros/urdf_ws/install/arm/share/arm/hook/cmake_prefix_path.sh'
[5.422s] Level 1:colcon.colcon_core.environment:checking '/home/ros/urdf_ws/install/arm/bin'
[5.424s] Level 1:colcon.colcon_core.environment:checking '/home/ros/urdf_ws/install/arm/lib/pkgconfig/arm.pc'
[5.424s] Level 1:colcon.colcon_core.environment:checking '/home/ros/urdf_ws/install/arm/lib/python3.10/site-packages'
[5.424s] Level 1:colcon.colcon_core.environment:checking '/home/ros/urdf_ws/install/arm/bin'
[5.431s] INFO:colcon.colcon_core.shell:Creating package script '/home/ros/urdf_ws/install/arm/share/arm/package.ps1'
[5.440s] INFO:colcon.colcon_core.shell:Creating package descriptor '/home/ros/urdf_ws/install/arm/share/arm/package.dsv'
[5.447s] INFO:colcon.colcon_core.shell:Creating package script '/home/ros/urdf_ws/install/arm/share/arm/package.sh'
[5.456s] INFO:colcon.colcon_core.shell:Creating package script '/home/ros/urdf_ws/install/arm/share/arm/package.bash'
[5.468s] INFO:colcon.colcon_core.shell:Creating package script '/home/ros/urdf_ws/install/arm/share/arm/package.zsh'
[5.477s] Level 1:colcon.colcon_core.environment:create_file_with_runtime_dependencies(/home/ros/urdf_ws/install/arm/share/colcon-core/packages/arm)
[5.480s] DEBUG:colcon.colcon_parallel_executor.executor.parallel:closing loop
[5.480s] DEBUG:colcon.colcon_parallel_executor.executor.parallel:loop closed
[5.483s] DEBUG:colcon.colcon_parallel_executor.executor.parallel:run_until_complete finished with '0'
[5.485s] DEBUG:colcon.colcon_core.event_reactor:joining thread
[5.663s] INFO:colcon.colcon_core.plugin_system:Skipping extension 'colcon_notification.desktop_notification.terminal_notifier': Not used on non-Darwin systems
[5.668s] INFO:colcon.colcon_core.plugin_system:Skipping extension 'colcon_notification.desktop_notification.win32': Not used on non-Windows systems
[5.668s] INFO:colcon.colcon_notification.desktop_notification:Sending desktop notification using 'notify2'
[5.884s] DEBUG:colcon.colcon_core.event_reactor:joined thread
[5.885s] INFO:colcon.colcon_core.shell:Creating prefix script '/home/ros/urdf_ws/install/local_setup.ps1'
[5.887s] INFO:colcon.colcon_core.shell:Creating prefix util module '/home/ros/urdf_ws/install/_local_setup_util_ps1.py'
[5.893s] INFO:colcon.colcon_core.shell:Creating prefix chain script '/home/ros/urdf_ws/install/setup.ps1'
[5.901s] INFO:colcon.colcon_core.shell:Creating prefix script '/home/ros/urdf_ws/install/local_setup.sh'
[5.906s] INFO:colcon.colcon_core.shell:Creating prefix util module '/home/ros/urdf_ws/install/_local_setup_util_sh.py'
[5.911s] INFO:colcon.colcon_core.shell:Creating prefix chain script '/home/ros/urdf_ws/install/setup.sh'
[5.917s] INFO:colcon.colcon_core.shell:Creating prefix script '/home/ros/urdf_ws/install/local_setup.bash'
[5.919s] INFO:colcon.colcon_core.shell:Creating prefix chain script '/home/ros/urdf_ws/install/setup.bash'
[5.951s] INFO:colcon.colcon_core.shell:Creating prefix script '/home/ros/urdf_ws/install/local_setup.zsh'
[5.968s] INFO:colcon.colcon_core.shell:Creating prefix chain script '/home/ros/urdf_ws/install/setup.zsh'
