[0.011s] Invoking command in '/home/ros/urdf_ws/build/arm': CMAKE_PREFIX_PATH=${CMAKE_PREFIX_PATH}:/home/ros/ros2_ws86/install/test_turtle:/home/ros/ros2_ws86/install/test_pkg_with_node:/home/ros/ros2_ws86/install/test_pkg:/home/ros/ros2_ws86/install/service_set_pen:/home/ros/ros2_ws86/install/learning_tf_urdf:/home/ros/ros2_ws86/install/eval_8b:/home/ros/ros2_ws86/install/comprehensive_eval:/opt/ros/humble HISTTIMEFORMAT=%F %T /usr/bin/cmake /home/ros/urdf_ws/src/arm -DCMAKE_INSTALL_PREFIX=/home/ros/urdf_ws/install/arm
[0.164s] -- The C compiler identification is GNU 11.4.0
[0.234s] -- The CXX compiler identification is GNU 11.4.0
[0.270s] -- Detecting C compiler ABI info
[0.352s] -- Detecting C compiler ABI info - done
[0.357s] -- Check for working C compiler: /usr/bin/cc - skipped
[0.357s] -- Detecting C compile features
[0.358s] -- Detecting C compile features - done
[0.359s] -- Detecting CXX compiler ABI info
[0.456s] -- Detecting CXX compiler ABI info - done
[0.459s] -- Check for working CXX compiler: /usr/bin/c++ - skipped
[0.460s] -- Detecting CXX compile features
[0.460s] -- Detecting CXX compile features - done
[0.462s] -- Found ament_cmake: 1.3.10 (/opt/ros/humble/share/ament_cmake/cmake)
[0.593s] -- Found Python3: /usr/bin/python3 (found version "3.10.12") found components: Interpreter 
[0.677s] -- Found ament_lint_auto: 0.12.11 (/opt/ros/humble/share/ament_lint_auto/cmake)
[0.740s] -- Added test 'lint_cmake' to check CMake code style
[0.741s] -- Added test 'xmllint' to check XML markup files
[0.742s] -- Configuring done
[0.745s] -- Generating done
[0.750s] -- Build files have been written to: /home/ros/urdf_ws/build/arm
[0.772s] Invoked command in '/home/ros/urdf_ws/build/arm' returned '0': CMAKE_PREFIX_PATH=${CMAKE_PREFIX_PATH}:/home/ros/ros2_ws86/install/test_turtle:/home/ros/ros2_ws86/install/test_pkg_with_node:/home/ros/ros2_ws86/install/test_pkg:/home/ros/ros2_ws86/install/service_set_pen:/home/ros/ros2_ws86/install/learning_tf_urdf:/home/ros/ros2_ws86/install/eval_8b:/home/ros/ros2_ws86/install/comprehensive_eval:/opt/ros/humble HISTTIMEFORMAT=%F %T /usr/bin/cmake /home/ros/urdf_ws/src/arm -DCMAKE_INSTALL_PREFIX=/home/ros/urdf_ws/install/arm
[0.772s] Invoking command in '/home/ros/urdf_ws/build/arm': CMAKE_PREFIX_PATH=${CMAKE_PREFIX_PATH}:/home/ros/ros2_ws86/install/test_turtle:/home/ros/ros2_ws86/install/test_pkg_with_node:/home/ros/ros2_ws86/install/test_pkg:/home/ros/ros2_ws86/install/service_set_pen:/home/ros/ros2_ws86/install/learning_tf_urdf:/home/ros/ros2_ws86/install/eval_8b:/home/ros/ros2_ws86/install/comprehensive_eval:/opt/ros/humble HISTTIMEFORMAT=%F %T /usr/bin/cmake --build /home/ros/urdf_ws/build/arm -- -j6 -l6
[0.841s] Invoked command in '/home/ros/urdf_ws/build/arm' returned '0': CMAKE_PREFIX_PATH=${CMAKE_PREFIX_PATH}:/home/ros/ros2_ws86/install/test_turtle:/home/ros/ros2_ws86/install/test_pkg_with_node:/home/ros/ros2_ws86/install/test_pkg:/home/ros/ros2_ws86/install/service_set_pen:/home/ros/ros2_ws86/install/learning_tf_urdf:/home/ros/ros2_ws86/install/eval_8b:/home/ros/ros2_ws86/install/comprehensive_eval:/opt/ros/humble HISTTIMEFORMAT=%F %T /usr/bin/cmake --build /home/ros/urdf_ws/build/arm -- -j6 -l6
[0.915s] Invoking command in '/home/ros/urdf_ws/build/arm': CMAKE_PREFIX_PATH=${CMAKE_PREFIX_PATH}:/home/ros/ros2_ws86/install/test_turtle:/home/ros/ros2_ws86/install/test_pkg_with_node:/home/ros/ros2_ws86/install/test_pkg:/home/ros/ros2_ws86/install/service_set_pen:/home/ros/ros2_ws86/install/learning_tf_urdf:/home/ros/ros2_ws86/install/eval_8b:/home/ros/ros2_ws86/install/comprehensive_eval:/opt/ros/humble HISTTIMEFORMAT=%F %T /usr/bin/cmake --install /home/ros/urdf_ws/build/arm
[0.922s] -- Install configuration: ""
[0.922s] -- Installing: /home/ros/urdf_ws/install/arm/share/arm/meshes
[0.922s] -- Installing: /home/ros/urdf_ws/install/arm/share/arm/meshes/Gripper.stl
[0.922s] -- Installing: /home/ros/urdf_ws/install/arm/share/arm/meshes/Link_1.stl
[0.927s] -- Installing: /home/ros/urdf_ws/install/arm/share/arm/meshes/Link_3.stl
[0.927s] -- Installing: /home/ros/urdf_ws/install/arm/share/arm/meshes/Base.stl
[0.927s] -- Installing: /home/ros/urdf_ws/install/arm/share/arm/meshes/Shoulder.stl
[0.927s] -- Installing: /home/ros/urdf_ws/install/arm/share/arm/meshes/Link_2.stl
[0.927s] -- Installing: /home/ros/urdf_ws/install/arm/share/arm/urdf
[0.927s] -- Installing: /home/ros/urdf_ws/install/arm/share/arm/urdf/arm2.urdf.xacro
[0.927s] -- Installing: /home/ros/urdf_ws/install/arm/share/arm/urdf/arm.urdf.xacro
[0.927s] -- Installing: /home/ros/urdf_ws/install/arm/share/ament_index/resource_index/package_run_dependencies/arm
[0.927s] -- Installing: /home/ros/urdf_ws/install/arm/share/ament_index/resource_index/parent_prefix_path/arm
[0.927s] -- Installing: /home/ros/urdf_ws/install/arm/share/arm/environment/ament_prefix_path.sh
[0.928s] -- Installing: /home/ros/urdf_ws/install/arm/share/arm/environment/ament_prefix_path.dsv
[0.928s] -- Installing: /home/ros/urdf_ws/install/arm/share/arm/environment/path.sh
[0.929s] -- Installing: /home/ros/urdf_ws/install/arm/share/arm/environment/path.dsv
[0.929s] -- Installing: /home/ros/urdf_ws/install/arm/share/arm/local_setup.bash
[0.929s] -- Installing: /home/ros/urdf_ws/install/arm/share/arm/local_setup.sh
[0.929s] -- Installing: /home/ros/urdf_ws/install/arm/share/arm/local_setup.zsh
[0.929s] -- Installing: /home/ros/urdf_ws/install/arm/share/arm/local_setup.dsv
[0.930s] -- Installing: /home/ros/urdf_ws/install/arm/share/arm/package.dsv
[0.930s] -- Installing: /home/ros/urdf_ws/install/arm/share/ament_index/resource_index/packages/arm
[0.930s] -- Installing: /home/ros/urdf_ws/install/arm/share/arm/cmake/armConfig.cmake
[0.932s] -- Installing: /home/ros/urdf_ws/install/arm/share/arm/cmake/armConfig-version.cmake
[0.932s] -- Installing: /home/ros/urdf_ws/install/arm/share/arm/package.xml
[0.937s] Invoked command in '/home/ros/urdf_ws/build/arm' returned '0': CMAKE_PREFIX_PATH=${CMAKE_PREFIX_PATH}:/home/ros/ros2_ws86/install/test_turtle:/home/ros/ros2_ws86/install/test_pkg_with_node:/home/ros/ros2_ws86/install/test_pkg:/home/ros/ros2_ws86/install/service_set_pen:/home/ros/ros2_ws86/install/learning_tf_urdf:/home/ros/ros2_ws86/install/eval_8b:/home/ros/ros2_ws86/install/comprehensive_eval:/opt/ros/humble HISTTIMEFORMAT=%F %T /usr/bin/cmake --install /home/ros/urdf_ws/build/arm
