[0.106s] DEBUG:colcon:Command line arguments: ['/usr/bin/colcon', 'build']
[0.106s] DEBUG:colcon:Parsed command line arguments: Namespace(log_base=None, log_level=None, verb_name='build', build_base='build', install_base='install', merge_install=False, symlink_install=False, test_result_base=None, continue_on_error=False, executor='parallel', parallel_workers=6, event_handlers=None, ignore_user_meta=False, metas=['./colcon.meta'], base_paths=['.'], packages_ignore=None, packages_ignore_regex=None, paths=None, packages_up_to=None, packages_up_to_regex=None, packages_above=None, packages_above_and_dependencies=None, packages_above_depth=None, packages_select_by_dep=None, packages_skip_by_dep=None, packages_skip_up_to=None, packages_select_build_failed=False, packages_skip_build_finished=False, packages_select_test_failures=False, packages_skip_test_passed=False, packages_select=None, packages_skip=None, packages_select_regex=None, packages_skip_regex=None, packages_start=None, packages_end=None, allow_overriding=[], cmake_args=None, cmake_target=None, cmake_target_skip_unavailable=False, cmake_clean_cache=False, cmake_clean_first=False, cmake_force_configure=False, ament_cmake_args=None, catkin_cmake_args=None, catkin_skip_building_tests=False, mixin_files=None, mixin=None, verb_parser=<colcon_mixin.mixin.mixin_argument.MixinArgumentDecorator object at 0x7ca57455bdf0>, verb_extension=<colcon_core.verb.build.BuildVerb object at 0x7ca5746a8ca0>, main=<bound method BuildVerb.main of <colcon_core.verb.build.BuildVerb object at 0x7ca5746a8ca0>>, mixin_verb=('build',))
[0.278s] Level 1:colcon.colcon_core.package_discovery:discover_packages(colcon_meta) check parameters
[0.279s] Level 1:colcon.colcon_core.package_discovery:discover_packages(recursive) check parameters
[0.279s] Level 1:colcon.colcon_core.package_discovery:discover_packages(ignore) check parameters
[0.279s] Level 1:colcon.colcon_core.package_discovery:discover_packages(path) check parameters
[0.279s] Level 1:colcon.colcon_core.package_discovery:discover_packages(colcon_meta) discover
[0.279s] Level 1:colcon.colcon_core.package_discovery:discover_packages(recursive) discover
[0.279s] INFO:colcon.colcon_core.package_discovery:Crawling recursively for packages in '/home/ros/urdf_ws'
[0.279s] Level 1:colcon.colcon_core.package_identification:_identify(.) by extensions ['ignore', 'ignore_ament_install']
[0.279s] Level 1:colcon.colcon_core.package_identification:_identify(.) by extension 'ignore'
[0.279s] Level 1:colcon.colcon_core.package_identification:_identify(.) by extension 'ignore_ament_install'
[0.279s] Level 1:colcon.colcon_core.package_identification:_identify(.) by extensions ['colcon_pkg']
[0.279s] Level 1:colcon.colcon_core.package_identification:_identify(.) by extension 'colcon_pkg'
[0.279s] Level 1:colcon.colcon_core.package_identification:_identify(.) by extensions ['colcon_meta']
[0.279s] Level 1:colcon.colcon_core.package_identification:_identify(.) by extension 'colcon_meta'
[0.279s] Level 1:colcon.colcon_core.package_identification:_identify(.) by extensions ['ros']
[0.279s] Level 1:colcon.colcon_core.package_identification:_identify(.) by extension 'ros'
[0.296s] Level 1:colcon.colcon_core.package_identification:_identify(.) by extensions ['cmake', 'python']
[0.296s] Level 1:colcon.colcon_core.package_identification:_identify(.) by extension 'cmake'
[0.296s] Level 1:colcon.colcon_core.package_identification:_identify(.) by extension 'python'
[0.296s] Level 1:colcon.colcon_core.package_identification:_identify(.) by extensions ['python_setup_py']
[0.296s] Level 1:colcon.colcon_core.package_identification:_identify(.) by extension 'python_setup_py'
[0.296s] Level 1:colcon.colcon_core.package_identification:_identify(build) by extensions ['ignore', 'ignore_ament_install']
[0.296s] Level 1:colcon.colcon_core.package_identification:_identify(build) by extension 'ignore'
[0.296s] Level 1:colcon.colcon_core.package_identification:_identify(build) ignored
[0.297s] Level 1:colcon.colcon_core.package_identification:_identify(install) by extensions ['ignore', 'ignore_ament_install']
[0.297s] Level 1:colcon.colcon_core.package_identification:_identify(install) by extension 'ignore'
[0.297s] Level 1:colcon.colcon_core.package_identification:_identify(install) ignored
[0.297s] Level 1:colcon.colcon_core.package_identification:_identify(log) by extensions ['ignore', 'ignore_ament_install']
[0.297s] Level 1:colcon.colcon_core.package_identification:_identify(log) by extension 'ignore'
[0.297s] Level 1:colcon.colcon_core.package_identification:_identify(log) ignored
[0.297s] Level 1:colcon.colcon_core.package_identification:_identify(src) by extensions ['ignore', 'ignore_ament_install']
[0.297s] Level 1:colcon.colcon_core.package_identification:_identify(src) by extension 'ignore'
[0.297s] Level 1:colcon.colcon_core.package_identification:_identify(src) by extension 'ignore_ament_install'
[0.297s] Level 1:colcon.colcon_core.package_identification:_identify(src) by extensions ['colcon_pkg']
[0.298s] Level 1:colcon.colcon_core.package_identification:_identify(src) by extension 'colcon_pkg'
[0.298s] Level 1:colcon.colcon_core.package_identification:_identify(src) by extensions ['colcon_meta']
[0.298s] Level 1:colcon.colcon_core.package_identification:_identify(src) by extension 'colcon_meta'
[0.298s] Level 1:colcon.colcon_core.package_identification:_identify(src) by extensions ['ros']
[0.298s] Level 1:colcon.colcon_core.package_identification:_identify(src) by extension 'ros'
[0.298s] Level 1:colcon.colcon_core.package_identification:_identify(src) by extensions ['cmake', 'python']
[0.298s] Level 1:colcon.colcon_core.package_identification:_identify(src) by extension 'cmake'
[0.298s] Level 1:colcon.colcon_core.package_identification:_identify(src) by extension 'python'
[0.298s] Level 1:colcon.colcon_core.package_identification:_identify(src) by extensions ['python_setup_py']
[0.298s] Level 1:colcon.colcon_core.package_identification:_identify(src) by extension 'python_setup_py'
[0.298s] Level 1:colcon.colcon_core.package_identification:_identify(src/arm) by extensions ['ignore', 'ignore_ament_install']
[0.298s] Level 1:colcon.colcon_core.package_identification:_identify(src/arm) by extension 'ignore'
[0.299s] Level 1:colcon.colcon_core.package_identification:_identify(src/arm) by extension 'ignore_ament_install'
[0.299s] Level 1:colcon.colcon_core.package_identification:_identify(src/arm) by extensions ['colcon_pkg']
[0.299s] Level 1:colcon.colcon_core.package_identification:_identify(src/arm) by extension 'colcon_pkg'
[0.299s] Level 1:colcon.colcon_core.package_identification:_identify(src/arm) by extensions ['colcon_meta']
[0.299s] Level 1:colcon.colcon_core.package_identification:_identify(src/arm) by extension 'colcon_meta'
[0.299s] Level 1:colcon.colcon_core.package_identification:_identify(src/arm) by extensions ['ros']
[0.299s] Level 1:colcon.colcon_core.package_identification:_identify(src/arm) by extension 'ros'
[0.314s] DEBUG:colcon.colcon_core.package_identification:Package 'src/arm' with type 'ros.ament_cmake' and name 'arm'
[0.314s] Level 1:colcon.colcon_core.package_identification:_identify(src/robot_controller) by extensions ['ignore', 'ignore_ament_install']
[0.314s] Level 1:colcon.colcon_core.package_identification:_identify(src/robot_controller) by extension 'ignore'
[0.314s] Level 1:colcon.colcon_core.package_identification:_identify(src/robot_controller) by extension 'ignore_ament_install'
[0.314s] Level 1:colcon.colcon_core.package_identification:_identify(src/robot_controller) by extensions ['colcon_pkg']
[0.314s] Level 1:colcon.colcon_core.package_identification:_identify(src/robot_controller) by extension 'colcon_pkg'
[0.314s] Level 1:colcon.colcon_core.package_identification:_identify(src/robot_controller) by extensions ['colcon_meta']
[0.314s] Level 1:colcon.colcon_core.package_identification:_identify(src/robot_controller) by extension 'colcon_meta'
[0.314s] Level 1:colcon.colcon_core.package_identification:_identify(src/robot_controller) by extensions ['ros']
[0.314s] Level 1:colcon.colcon_core.package_identification:_identify(src/robot_controller) by extension 'ros'
[0.315s] DEBUG:colcon.colcon_core.package_identification:Package 'src/robot_controller' with type 'ros.ament_cmake' and name 'robot_controller'
[0.315s] Level 1:colcon.colcon_core.package_discovery:discover_packages(recursive) using defaults
[0.315s] Level 1:colcon.colcon_core.package_discovery:discover_packages(ignore) discover
[0.315s] Level 1:colcon.colcon_core.package_discovery:discover_packages(ignore) using defaults
[0.315s] Level 1:colcon.colcon_core.package_discovery:discover_packages(path) discover
[0.315s] Level 1:colcon.colcon_core.package_discovery:discover_packages(path) using defaults
[0.328s] Level 1:colcon.colcon_core.package_discovery:discover_packages(prefix_path) check parameters
[0.328s] Level 1:colcon.colcon_core.package_discovery:discover_packages(prefix_path) discover
[0.329s] DEBUG:colcon.colcon_installed_package_information.package_discovery:Found 3 installed packages in /home/ros/urdf_ws/install
[0.330s] DEBUG:colcon.colcon_installed_package_information.package_discovery:Found 9 installed packages in /home/ros/ros2_ws86/install
[0.331s] DEBUG:colcon.colcon_installed_package_information.package_discovery:Found 399 installed packages in /opt/ros/humble
[0.334s] Level 1:colcon.colcon_core.package_discovery:discover_packages(prefix_path) using defaults
[0.387s] Level 5:colcon.colcon_core.verb:set package 'arm' build argument 'cmake_args' from command line to 'None'
[0.387s] Level 5:colcon.colcon_core.verb:set package 'arm' build argument 'cmake_target' from command line to 'None'
[0.387s] Level 5:colcon.colcon_core.verb:set package 'arm' build argument 'cmake_target_skip_unavailable' from command line to 'False'
[0.387s] Level 5:colcon.colcon_core.verb:set package 'arm' build argument 'cmake_clean_cache' from command line to 'False'
[0.387s] Level 5:colcon.colcon_core.verb:set package 'arm' build argument 'cmake_clean_first' from command line to 'False'
[0.387s] Level 5:colcon.colcon_core.verb:set package 'arm' build argument 'cmake_force_configure' from command line to 'False'
[0.387s] Level 5:colcon.colcon_core.verb:set package 'arm' build argument 'ament_cmake_args' from command line to 'None'
[0.387s] Level 5:colcon.colcon_core.verb:set package 'arm' build argument 'catkin_cmake_args' from command line to 'None'
[0.387s] Level 5:colcon.colcon_core.verb:set package 'arm' build argument 'catkin_skip_building_tests' from command line to 'False'
[0.387s] DEBUG:colcon.colcon_core.verb:Building package 'arm' with the following arguments: {'ament_cmake_args': None, 'build_base': '/home/ros/urdf_ws/build/arm', 'catkin_cmake_args': None, 'catkin_skip_building_tests': False, 'cmake_args': None, 'cmake_clean_cache': False, 'cmake_clean_first': False, 'cmake_force_configure': False, 'cmake_target': None, 'cmake_target_skip_unavailable': False, 'install_base': '/home/ros/urdf_ws/install/arm', 'merge_install': False, 'path': '/home/ros/urdf_ws/src/arm', 'symlink_install': False, 'test_result_base': None}
[0.388s] Level 5:colcon.colcon_core.verb:set package 'robot_controller' build argument 'cmake_args' from command line to 'None'
[0.388s] Level 5:colcon.colcon_core.verb:set package 'robot_controller' build argument 'cmake_target' from command line to 'None'
[0.388s] Level 5:colcon.colcon_core.verb:set package 'robot_controller' build argument 'cmake_target_skip_unavailable' from command line to 'False'
[0.388s] Level 5:colcon.colcon_core.verb:set package 'robot_controller' build argument 'cmake_clean_cache' from command line to 'False'
[0.388s] Level 5:colcon.colcon_core.verb:set package 'robot_controller' build argument 'cmake_clean_first' from command line to 'False'
[0.388s] Level 5:colcon.colcon_core.verb:set package 'robot_controller' build argument 'cmake_force_configure' from command line to 'False'
[0.388s] Level 5:colcon.colcon_core.verb:set package 'robot_controller' build argument 'ament_cmake_args' from command line to 'None'
[0.388s] Level 5:colcon.colcon_core.verb:set package 'robot_controller' build argument 'catkin_cmake_args' from command line to 'None'
[0.388s] Level 5:colcon.colcon_core.verb:set package 'robot_controller' build argument 'catkin_skip_building_tests' from command line to 'False'
[0.388s] DEBUG:colcon.colcon_core.verb:Building package 'robot_controller' with the following arguments: {'ament_cmake_args': None, 'build_base': '/home/ros/urdf_ws/build/robot_controller', 'catkin_cmake_args': None, 'catkin_skip_building_tests': False, 'cmake_args': None, 'cmake_clean_cache': False, 'cmake_clean_first': False, 'cmake_force_configure': False, 'cmake_target': None, 'cmake_target_skip_unavailable': False, 'install_base': '/home/ros/urdf_ws/install/robot_controller', 'merge_install': False, 'path': '/home/ros/urdf_ws/src/robot_controller', 'symlink_install': False, 'test_result_base': None}
[0.388s] INFO:colcon.colcon_core.executor:Executing jobs using 'parallel' executor
[0.389s] DEBUG:colcon.colcon_parallel_executor.executor.parallel:run_until_complete
[0.389s] INFO:colcon.colcon_ros.task.ament_cmake.build:Building ROS package in '/home/ros/urdf_ws/src/arm' with build type 'ament_cmake'
[0.390s] INFO:colcon.colcon_cmake.task.cmake.build:Building CMake package in '/home/ros/urdf_ws/src/arm'
[0.391s] INFO:colcon.colcon_core.plugin_system:Skipping extension 'colcon_core.shell.bat': Not used on non-Windows systems
[0.391s] INFO:colcon.colcon_core.shell:Skip shell extension 'powershell' for command environment: Not usable outside of PowerShell
[0.391s] DEBUG:colcon.colcon_core.shell:Skip shell extension 'dsv' for command environment
[0.411s] INFO:colcon.colcon_ros.task.ament_cmake.build:Building ROS package in '/home/ros/urdf_ws/src/robot_controller' with build type 'ament_cmake'
[0.411s] INFO:colcon.colcon_cmake.task.cmake.build:Building CMake package in '/home/ros/urdf_ws/src/robot_controller'
[0.412s] INFO:colcon.colcon_core.shell:Skip shell extension 'powershell' for command environment: Not usable outside of PowerShell
[0.412s] DEBUG:colcon.colcon_core.shell:Skip shell extension 'dsv' for command environment
[0.436s] DEBUG:colcon.colcon_core.event_handler.log_command:Invoking command in '/home/ros/urdf_ws/build/arm': CMAKE_PREFIX_PATH=${CMAKE_PREFIX_PATH}:/home/ros/ros2_ws86/install/test_turtle:/home/ros/ros2_ws86/install/test_pkg_with_node:/home/ros/ros2_ws86/install/test_pkg:/home/ros/ros2_ws86/install/service_set_pen:/home/ros/ros2_ws86/install/learning_tf_urdf:/home/ros/ros2_ws86/install/eval_8b:/home/ros/ros2_ws86/install/comprehensive_eval:/opt/ros/humble HISTTIMEFORMAT=%F %T /usr/bin/cmake --build /home/ros/urdf_ws/build/arm -- -j6 -l6
[0.445s] DEBUG:colcon.colcon_core.event_handler.log_command:Invoking command in '/home/ros/urdf_ws/build/robot_controller': CMAKE_PREFIX_PATH=${CMAKE_PREFIX_PATH}:/home/ros/ros2_ws86/install/test_turtle:/home/ros/ros2_ws86/install/test_pkg_with_node:/home/ros/ros2_ws86/install/test_pkg:/home/ros/ros2_ws86/install/service_set_pen:/home/ros/ros2_ws86/install/learning_tf_urdf:/home/ros/ros2_ws86/install/eval_8b:/home/ros/ros2_ws86/install/comprehensive_eval:/opt/ros/humble HISTTIMEFORMAT=%F %T /usr/bin/cmake --build /home/ros/urdf_ws/build/robot_controller -- -j6 -l6
[0.864s] DEBUG:colcon.colcon_core.event_handler.log_command:Invoked command in '/home/ros/urdf_ws/build/arm' returned '0': CMAKE_PREFIX_PATH=${CMAKE_PREFIX_PATH}:/home/ros/ros2_ws86/install/test_turtle:/home/ros/ros2_ws86/install/test_pkg_with_node:/home/ros/ros2_ws86/install/test_pkg:/home/ros/ros2_ws86/install/service_set_pen:/home/ros/ros2_ws86/install/learning_tf_urdf:/home/ros/ros2_ws86/install/eval_8b:/home/ros/ros2_ws86/install/comprehensive_eval:/opt/ros/humble HISTTIMEFORMAT=%F %T /usr/bin/cmake --build /home/ros/urdf_ws/build/arm -- -j6 -l6
[1.230s] DEBUG:colcon.colcon_core.event_handler.log_command:Invoking command in '/home/ros/urdf_ws/build/arm': CMAKE_PREFIX_PATH=${CMAKE_PREFIX_PATH}:/home/ros/ros2_ws86/install/test_turtle:/home/ros/ros2_ws86/install/test_pkg_with_node:/home/ros/ros2_ws86/install/test_pkg:/home/ros/ros2_ws86/install/service_set_pen:/home/ros/ros2_ws86/install/learning_tf_urdf:/home/ros/ros2_ws86/install/eval_8b:/home/ros/ros2_ws86/install/comprehensive_eval:/opt/ros/humble HISTTIMEFORMAT=%F %T /usr/bin/cmake --install /home/ros/urdf_ws/build/arm
[1.408s] Level 1:colcon.colcon_core.environment:create_environment_scripts_only(arm)
[1.422s] Level 1:colcon.colcon_core.environment:checking '/home/ros/urdf_ws/install/arm' for CMake module files
[1.422s] Level 1:colcon.colcon_core.environment:checking '/home/ros/urdf_ws/install/arm' for CMake config files
[1.437s] DEBUG:colcon.colcon_core.event_handler.log_command:Invoked command in '/home/ros/urdf_ws/build/arm' returned '0': CMAKE_PREFIX_PATH=${CMAKE_PREFIX_PATH}:/home/ros/ros2_ws86/install/test_turtle:/home/ros/ros2_ws86/install/test_pkg_with_node:/home/ros/ros2_ws86/install/test_pkg:/home/ros/ros2_ws86/install/service_set_pen:/home/ros/ros2_ws86/install/learning_tf_urdf:/home/ros/ros2_ws86/install/eval_8b:/home/ros/ros2_ws86/install/comprehensive_eval:/opt/ros/humble HISTTIMEFORMAT=%F %T /usr/bin/cmake --install /home/ros/urdf_ws/build/arm
[1.440s] Level 1:colcon.colcon_core.shell:create_environment_hook('arm', 'cmake_prefix_path')
[1.442s] INFO:colcon.colcon_core.shell:Creating environment hook '/home/ros/urdf_ws/install/arm/share/arm/hook/cmake_prefix_path.ps1'
[1.450s] INFO:colcon.colcon_core.shell:Creating environment descriptor '/home/ros/urdf_ws/install/arm/share/arm/hook/cmake_prefix_path.dsv'
[1.464s] INFO:colcon.colcon_core.shell:Creating environment hook '/home/ros/urdf_ws/install/arm/share/arm/hook/cmake_prefix_path.sh'
[1.468s] Level 1:colcon.colcon_core.environment:checking '/home/ros/urdf_ws/install/arm/bin'
[1.468s] Level 1:colcon.colcon_core.environment:checking '/home/ros/urdf_ws/install/arm/lib/pkgconfig/arm.pc'
[1.468s] Level 1:colcon.colcon_core.environment:checking '/home/ros/urdf_ws/install/arm/lib/python3.10/site-packages'
[1.468s] Level 1:colcon.colcon_core.environment:checking '/home/ros/urdf_ws/install/arm/bin'
[1.469s] INFO:colcon.colcon_core.shell:Creating package script '/home/ros/urdf_ws/install/arm/share/arm/package.ps1'
[1.470s] INFO:colcon.colcon_core.shell:Creating package descriptor '/home/ros/urdf_ws/install/arm/share/arm/package.dsv'
[1.470s] INFO:colcon.colcon_core.shell:Creating package script '/home/ros/urdf_ws/install/arm/share/arm/package.sh'
[1.471s] INFO:colcon.colcon_core.shell:Creating package script '/home/ros/urdf_ws/install/arm/share/arm/package.bash'
[1.472s] INFO:colcon.colcon_core.shell:Creating package script '/home/ros/urdf_ws/install/arm/share/arm/package.zsh'
[1.474s] Level 1:colcon.colcon_core.environment:create_file_with_runtime_dependencies(/home/ros/urdf_ws/install/arm/share/colcon-core/packages/arm)
[1.523s] Level 1:colcon.colcon_core.environment:create_environment_scripts_only(arm)
[1.523s] Level 1:colcon.colcon_core.environment:checking '/home/ros/urdf_ws/install/arm' for CMake module files
[1.524s] Level 1:colcon.colcon_core.environment:checking '/home/ros/urdf_ws/install/arm' for CMake config files
[1.524s] Level 1:colcon.colcon_core.shell:create_environment_hook('arm', 'cmake_prefix_path')
[1.524s] INFO:colcon.colcon_core.shell:Creating environment hook '/home/ros/urdf_ws/install/arm/share/arm/hook/cmake_prefix_path.ps1'
[1.525s] INFO:colcon.colcon_core.shell:Creating environment descriptor '/home/ros/urdf_ws/install/arm/share/arm/hook/cmake_prefix_path.dsv'
[1.526s] INFO:colcon.colcon_core.shell:Creating environment hook '/home/ros/urdf_ws/install/arm/share/arm/hook/cmake_prefix_path.sh'
[1.527s] Level 1:colcon.colcon_core.environment:checking '/home/ros/urdf_ws/install/arm/bin'
[1.527s] Level 1:colcon.colcon_core.environment:checking '/home/ros/urdf_ws/install/arm/lib/pkgconfig/arm.pc'
[1.527s] Level 1:colcon.colcon_core.environment:checking '/home/ros/urdf_ws/install/arm/lib/python3.10/site-packages'
[1.532s] Level 1:colcon.colcon_core.environment:checking '/home/ros/urdf_ws/install/arm/bin'
[1.532s] INFO:colcon.colcon_core.shell:Creating package script '/home/ros/urdf_ws/install/arm/share/arm/package.ps1'
[1.533s] INFO:colcon.colcon_core.shell:Creating package descriptor '/home/ros/urdf_ws/install/arm/share/arm/package.dsv'
[1.545s] INFO:colcon.colcon_core.shell:Creating package script '/home/ros/urdf_ws/install/arm/share/arm/package.sh'
[1.559s] INFO:colcon.colcon_core.shell:Creating package script '/home/ros/urdf_ws/install/arm/share/arm/package.bash'
[1.561s] INFO:colcon.colcon_core.shell:Creating package script '/home/ros/urdf_ws/install/arm/share/arm/package.zsh'
[1.562s] Level 1:colcon.colcon_core.environment:create_file_with_runtime_dependencies(/home/ros/urdf_ws/install/arm/share/colcon-core/packages/arm)
[2.497s] DEBUG:colcon.colcon_core.event_handler.log_command:Invoked command in '/home/ros/urdf_ws/build/robot_controller' returned '0': CMAKE_PREFIX_PATH=${CMAKE_PREFIX_PATH}:/home/ros/ros2_ws86/install/test_turtle:/home/ros/ros2_ws86/install/test_pkg_with_node:/home/ros/ros2_ws86/install/test_pkg:/home/ros/ros2_ws86/install/service_set_pen:/home/ros/ros2_ws86/install/learning_tf_urdf:/home/ros/ros2_ws86/install/eval_8b:/home/ros/ros2_ws86/install/comprehensive_eval:/opt/ros/humble HISTTIMEFORMAT=%F %T /usr/bin/cmake --build /home/ros/urdf_ws/build/robot_controller -- -j6 -l6
[2.497s] DEBUG:colcon.colcon_core.event_handler.log_command:Invoking command in '/home/ros/urdf_ws/build/robot_controller': CMAKE_PREFIX_PATH=${CMAKE_PREFIX_PATH}:/home/ros/ros2_ws86/install/test_turtle:/home/ros/ros2_ws86/install/test_pkg_with_node:/home/ros/ros2_ws86/install/test_pkg:/home/ros/ros2_ws86/install/service_set_pen:/home/ros/ros2_ws86/install/learning_tf_urdf:/home/ros/ros2_ws86/install/eval_8b:/home/ros/ros2_ws86/install/comprehensive_eval:/opt/ros/humble HISTTIMEFORMAT=%F %T /usr/bin/cmake --install /home/ros/urdf_ws/build/robot_controller
[2.522s] Level 1:colcon.colcon_core.environment:create_environment_scripts_only(robot_controller)
[2.523s] Level 1:colcon.colcon_core.environment:checking '/home/ros/urdf_ws/install/robot_controller' for CMake module files
[2.524s] DEBUG:colcon.colcon_core.event_handler.log_command:Invoked command in '/home/ros/urdf_ws/build/robot_controller' returned '0': CMAKE_PREFIX_PATH=${CMAKE_PREFIX_PATH}:/home/ros/ros2_ws86/install/test_turtle:/home/ros/ros2_ws86/install/test_pkg_with_node:/home/ros/ros2_ws86/install/test_pkg:/home/ros/ros2_ws86/install/service_set_pen:/home/ros/ros2_ws86/install/learning_tf_urdf:/home/ros/ros2_ws86/install/eval_8b:/home/ros/ros2_ws86/install/comprehensive_eval:/opt/ros/humble HISTTIMEFORMAT=%F %T /usr/bin/cmake --install /home/ros/urdf_ws/build/robot_controller
[2.524s] Level 1:colcon.colcon_core.environment:checking '/home/ros/urdf_ws/install/robot_controller' for CMake config files
[2.525s] Level 1:colcon.colcon_core.shell:create_environment_hook('robot_controller', 'cmake_prefix_path')
[2.525s] INFO:colcon.colcon_core.shell:Creating environment hook '/home/ros/urdf_ws/install/robot_controller/share/robot_controller/hook/cmake_prefix_path.ps1'
[2.525s] INFO:colcon.colcon_core.shell:Creating environment descriptor '/home/ros/urdf_ws/install/robot_controller/share/robot_controller/hook/cmake_prefix_path.dsv'
[2.526s] INFO:colcon.colcon_core.shell:Creating environment hook '/home/ros/urdf_ws/install/robot_controller/share/robot_controller/hook/cmake_prefix_path.sh'
[2.528s] Level 1:colcon.colcon_core.environment:checking '/home/ros/urdf_ws/install/robot_controller/bin'
[2.529s] Level 1:colcon.colcon_core.environment:checking '/home/ros/urdf_ws/install/robot_controller/lib/pkgconfig/robot_controller.pc'
[2.529s] Level 1:colcon.colcon_core.environment:checking '/home/ros/urdf_ws/install/robot_controller/lib/python3.10/site-packages'
[2.529s] Level 1:colcon.colcon_core.environment:checking '/home/ros/urdf_ws/install/robot_controller/bin'
[2.529s] INFO:colcon.colcon_core.shell:Creating package script '/home/ros/urdf_ws/install/robot_controller/share/robot_controller/package.ps1'
[2.532s] INFO:colcon.colcon_core.shell:Creating package descriptor '/home/ros/urdf_ws/install/robot_controller/share/robot_controller/package.dsv'
[2.543s] INFO:colcon.colcon_core.shell:Creating package script '/home/ros/urdf_ws/install/robot_controller/share/robot_controller/package.sh'
[2.553s] INFO:colcon.colcon_core.shell:Creating package script '/home/ros/urdf_ws/install/robot_controller/share/robot_controller/package.bash'
[2.555s] INFO:colcon.colcon_core.shell:Creating package script '/home/ros/urdf_ws/install/robot_controller/share/robot_controller/package.zsh'
[2.565s] Level 1:colcon.colcon_core.environment:create_file_with_runtime_dependencies(/home/ros/urdf_ws/install/robot_controller/share/colcon-core/packages/robot_controller)
[2.574s] Level 1:colcon.colcon_core.environment:create_environment_scripts_only(robot_controller)
[2.574s] Level 1:colcon.colcon_core.environment:checking '/home/ros/urdf_ws/install/robot_controller' for CMake module files
[2.574s] Level 1:colcon.colcon_core.environment:checking '/home/ros/urdf_ws/install/robot_controller' for CMake config files
[2.574s] Level 1:colcon.colcon_core.shell:create_environment_hook('robot_controller', 'cmake_prefix_path')
[2.575s] INFO:colcon.colcon_core.shell:Creating environment hook '/home/ros/urdf_ws/install/robot_controller/share/robot_controller/hook/cmake_prefix_path.ps1'
[2.575s] INFO:colcon.colcon_core.shell:Creating environment descriptor '/home/ros/urdf_ws/install/robot_controller/share/robot_controller/hook/cmake_prefix_path.dsv'
[2.575s] INFO:colcon.colcon_core.shell:Creating environment hook '/home/ros/urdf_ws/install/robot_controller/share/robot_controller/hook/cmake_prefix_path.sh'
[2.576s] Level 1:colcon.colcon_core.environment:checking '/home/ros/urdf_ws/install/robot_controller/bin'
[2.576s] Level 1:colcon.colcon_core.environment:checking '/home/ros/urdf_ws/install/robot_controller/lib/pkgconfig/robot_controller.pc'
[2.576s] Level 1:colcon.colcon_core.environment:checking '/home/ros/urdf_ws/install/robot_controller/lib/python3.10/site-packages'
[2.577s] Level 1:colcon.colcon_core.environment:checking '/home/ros/urdf_ws/install/robot_controller/bin'
[2.577s] INFO:colcon.colcon_core.shell:Creating package script '/home/ros/urdf_ws/install/robot_controller/share/robot_controller/package.ps1'
[2.578s] INFO:colcon.colcon_core.shell:Creating package descriptor '/home/ros/urdf_ws/install/robot_controller/share/robot_controller/package.dsv'
[2.584s] INFO:colcon.colcon_core.shell:Creating package script '/home/ros/urdf_ws/install/robot_controller/share/robot_controller/package.sh'
[2.596s] INFO:colcon.colcon_core.shell:Creating package script '/home/ros/urdf_ws/install/robot_controller/share/robot_controller/package.bash'
[2.600s] INFO:colcon.colcon_core.shell:Creating package script '/home/ros/urdf_ws/install/robot_controller/share/robot_controller/package.zsh'
[2.607s] Level 1:colcon.colcon_core.environment:create_file_with_runtime_dependencies(/home/ros/urdf_ws/install/robot_controller/share/colcon-core/packages/robot_controller)
[2.615s] DEBUG:colcon.colcon_parallel_executor.executor.parallel:closing loop
[2.626s] DEBUG:colcon.colcon_parallel_executor.executor.parallel:loop closed
[2.626s] DEBUG:colcon.colcon_parallel_executor.executor.parallel:run_until_complete finished with '0'
[2.626s] DEBUG:colcon.colcon_core.event_reactor:joining thread
[2.728s] INFO:colcon.colcon_core.plugin_system:Skipping extension 'colcon_notification.desktop_notification.terminal_notifier': Not used on non-Darwin systems
[2.728s] INFO:colcon.colcon_core.plugin_system:Skipping extension 'colcon_notification.desktop_notification.win32': Not used on non-Windows systems
[2.729s] INFO:colcon.colcon_notification.desktop_notification:Sending desktop notification using 'notify2'
[2.990s] DEBUG:colcon.colcon_core.event_reactor:joined thread
[2.993s] INFO:colcon.colcon_core.shell:Creating prefix script '/home/ros/urdf_ws/install/local_setup.ps1'
[2.994s] INFO:colcon.colcon_core.shell:Creating prefix util module '/home/ros/urdf_ws/install/_local_setup_util_ps1.py'
[2.996s] INFO:colcon.colcon_core.shell:Creating prefix chain script '/home/ros/urdf_ws/install/setup.ps1'
[2.998s] INFO:colcon.colcon_core.shell:Creating prefix script '/home/ros/urdf_ws/install/local_setup.sh'
[2.999s] INFO:colcon.colcon_core.shell:Creating prefix util module '/home/ros/urdf_ws/install/_local_setup_util_sh.py'
[2.999s] INFO:colcon.colcon_core.shell:Creating prefix chain script '/home/ros/urdf_ws/install/setup.sh'
[3.010s] INFO:colcon.colcon_core.shell:Creating prefix script '/home/ros/urdf_ws/install/local_setup.bash'
[3.011s] INFO:colcon.colcon_core.shell:Creating prefix chain script '/home/ros/urdf_ws/install/setup.bash'
[3.012s] INFO:colcon.colcon_core.shell:Creating prefix script '/home/ros/urdf_ws/install/local_setup.zsh'
[3.013s] INFO:colcon.colcon_core.shell:Creating prefix chain script '/home/ros/urdf_ws/install/setup.zsh'
