[0.026s] Invoking command in '/home/ros/urdf_ws/build/robot_controller': CMAKE_PREFIX_PATH=${CMAKE_PREFIX_PATH}:/home/ros/ros2_ws86/install/test_turtle:/home/ros/ros2_ws86/install/test_pkg_with_node:/home/ros/ros2_ws86/install/test_pkg:/home/ros/ros2_ws86/install/service_set_pen:/home/ros/ros2_ws86/install/learning_tf_urdf:/home/ros/ros2_ws86/install/eval_8b:/home/ros/ros2_ws86/install/comprehensive_eval:/opt/ros/humble HISTTIMEFORMAT=%F %T /usr/bin/cmake --build /home/ros/urdf_ws/build/robot_controller -- -j6 -l6
[0.295s] -- Found ament_cmake: 1.3.11 (/opt/ros/humble/share/ament_cmake/cmake)
[1.473s] -- Found ament_lint_auto: 0.12.11 (/opt/ros/humble/share/ament_lint_auto/cmake)
[1.754s] -- Added test 'flake8' to check Python code syntax and style conventions
[1.767s] -- Added test 'lint_cmake' to check CMake code style
[1.768s] -- Added test 'pep257' to check Python code against some of the docstring style conventions in PEP 257
[1.775s] -- Added test 'xmllint' to check XML markup files
[1.780s] -- Configuring done
[1.878s] -- Generating done
[1.926s] -- Build files have been written to: /home/ros/urdf_ws/build/robot_controller
[2.078s] Invoked command in '/home/ros/urdf_ws/build/robot_controller' returned '0': CMAKE_PREFIX_PATH=${CMAKE_PREFIX_PATH}:/home/ros/ros2_ws86/install/test_turtle:/home/ros/ros2_ws86/install/test_pkg_with_node:/home/ros/ros2_ws86/install/test_pkg:/home/ros/ros2_ws86/install/service_set_pen:/home/ros/ros2_ws86/install/learning_tf_urdf:/home/ros/ros2_ws86/install/eval_8b:/home/ros/ros2_ws86/install/comprehensive_eval:/opt/ros/humble HISTTIMEFORMAT=%F %T /usr/bin/cmake --build /home/ros/urdf_ws/build/robot_controller -- -j6 -l6
[2.079s] Invoking command in '/home/ros/urdf_ws/build/robot_controller': CMAKE_PREFIX_PATH=${CMAKE_PREFIX_PATH}:/home/ros/ros2_ws86/install/test_turtle:/home/ros/ros2_ws86/install/test_pkg_with_node:/home/ros/ros2_ws86/install/test_pkg:/home/ros/ros2_ws86/install/service_set_pen:/home/ros/ros2_ws86/install/learning_tf_urdf:/home/ros/ros2_ws86/install/eval_8b:/home/ros/ros2_ws86/install/comprehensive_eval:/opt/ros/humble HISTTIMEFORMAT=%F %T /usr/bin/cmake --install /home/ros/urdf_ws/build/robot_controller
[2.096s] -- Install configuration: ""
[2.098s] -- Installing: /home/ros/urdf_ws/install/robot_controller/share/robot_controller/config
[2.099s] -- Installing: /home/ros/urdf_ws/install/robot_controller/share/robot_controller/config/robot_controller.yaml
[2.099s] -- Installing: /home/ros/urdf_ws/install/robot_controller/share/robot_controller/launch
[2.099s] -- Installing: /home/ros/urdf_ws/install/robot_controller/share/robot_controller/launch/controller.launch.py
[2.100s] -- Up-to-date: /home/ros/urdf_ws/install/robot_controller/share/ament_index/resource_index/package_run_dependencies/robot_controller
[2.100s] -- Installing: /home/ros/urdf_ws/install/robot_controller/share/ament_index/resource_index/parent_prefix_path/robot_controller
[2.100s] -- Up-to-date: /home/ros/urdf_ws/install/robot_controller/share/robot_controller/environment/ament_prefix_path.sh
[2.100s] -- Installing: /home/ros/urdf_ws/install/robot_controller/share/robot_controller/environment/ament_prefix_path.dsv
[2.100s] -- Up-to-date: /home/ros/urdf_ws/install/robot_controller/share/robot_controller/environment/path.sh
[2.100s] -- Installing: /home/ros/urdf_ws/install/robot_controller/share/robot_controller/environment/path.dsv
[2.100s] -- Up-to-date: /home/ros/urdf_ws/install/robot_controller/share/robot_controller/local_setup.bash
[2.101s] -- Up-to-date: /home/ros/urdf_ws/install/robot_controller/share/robot_controller/local_setup.sh
[2.101s] -- Up-to-date: /home/ros/urdf_ws/install/robot_controller/share/robot_controller/local_setup.zsh
[2.101s] -- Installing: /home/ros/urdf_ws/install/robot_controller/share/robot_controller/local_setup.dsv
[2.101s] -- Installing: /home/ros/urdf_ws/install/robot_controller/share/robot_controller/package.dsv
[2.101s] -- Up-to-date: /home/ros/urdf_ws/install/robot_controller/share/ament_index/resource_index/packages/robot_controller
[2.101s] -- Up-to-date: /home/ros/urdf_ws/install/robot_controller/share/robot_controller/cmake/robot_controllerConfig.cmake
[2.101s] -- Up-to-date: /home/ros/urdf_ws/install/robot_controller/share/robot_controller/cmake/robot_controllerConfig-version.cmake
[2.101s] -- Up-to-date: /home/ros/urdf_ws/install/robot_controller/share/robot_controller/package.xml
[2.105s] Invoked command in '/home/ros/urdf_ws/build/robot_controller' returned '0': CMAKE_PREFIX_PATH=${CMAKE_PREFIX_PATH}:/home/ros/ros2_ws86/install/test_turtle:/home/ros/ros2_ws86/install/test_pkg_with_node:/home/ros/ros2_ws86/install/test_pkg:/home/ros/ros2_ws86/install/service_set_pen:/home/ros/ros2_ws86/install/learning_tf_urdf:/home/ros/ros2_ws86/install/eval_8b:/home/ros/ros2_ws86/install/comprehensive_eval:/opt/ros/humble HISTTIMEFORMAT=%F %T /usr/bin/cmake --install /home/ros/urdf_ws/build/robot_controller
