[0.032s] Invoking command in '/home/ros/urdf_ws/build/arm': CMAKE_PREFIX_PATH=${CMAKE_PREFIX_PATH}:/home/ros/ros2_ws86/install/test_turtle:/home/ros/ros2_ws86/install/test_pkg_with_node:/home/ros/ros2_ws86/install/test_pkg:/home/ros/ros2_ws86/install/service_set_pen:/home/ros/ros2_ws86/install/learning_tf_urdf:/home/ros/ros2_ws86/install/eval_8b:/home/ros/ros2_ws86/install/comprehensive_eval:/opt/ros/humble HISTTIMEFORMAT=%F %T /usr/bin/cmake --build /home/ros/urdf_ws/build/arm -- -j6 -l6
[0.096s] -- Found ament_cmake: 1.3.11 (/opt/ros/humble/share/ament_cmake/cmake)
[0.933s] -- Found ament_lint_auto: 0.12.11 (/opt/ros/humble/share/ament_lint_auto/cmake)
[1.248s] -- Added test 'flake8' to check Python code syntax and style conventions
[1.249s] -- Added test 'lint_cmake' to check CMake code style
[1.254s] -- Added test 'pep257' to check Python code against some of the docstring style conventions in PEP 257
[1.259s] -- Added test 'xmllint' to check XML markup files
[1.279s] -- Configuring done
[1.368s] -- Generating done
[1.380s] -- Build files have been written to: /home/ros/urdf_ws/build/arm
[1.433s] Invoked command in '/home/ros/urdf_ws/build/arm' returned '0': CMAKE_PREFIX_PATH=${CMAKE_PREFIX_PATH}:/home/ros/ros2_ws86/install/test_turtle:/home/ros/ros2_ws86/install/test_pkg_with_node:/home/ros/ros2_ws86/install/test_pkg:/home/ros/ros2_ws86/install/service_set_pen:/home/ros/ros2_ws86/install/learning_tf_urdf:/home/ros/ros2_ws86/install/eval_8b:/home/ros/ros2_ws86/install/comprehensive_eval:/opt/ros/humble HISTTIMEFORMAT=%F %T /usr/bin/cmake --build /home/ros/urdf_ws/build/arm -- -j6 -l6
[1.523s] Invoking command in '/home/ros/urdf_ws/build/arm': CMAKE_PREFIX_PATH=${CMAKE_PREFIX_PATH}:/home/ros/ros2_ws86/install/test_turtle:/home/ros/ros2_ws86/install/test_pkg_with_node:/home/ros/ros2_ws86/install/test_pkg:/home/ros/ros2_ws86/install/service_set_pen:/home/ros/ros2_ws86/install/learning_tf_urdf:/home/ros/ros2_ws86/install/eval_8b:/home/ros/ros2_ws86/install/comprehensive_eval:/opt/ros/humble HISTTIMEFORMAT=%F %T /usr/bin/cmake --install /home/ros/urdf_ws/build/arm
[1.538s] -- Install configuration: ""
[1.538s] -- Up-to-date: /home/ros/urdf_ws/install/arm/share/arm/meshes
[1.538s] -- Up-to-date: /home/ros/urdf_ws/install/arm/share/arm/meshes/Gripper.stl
[1.538s] -- Up-to-date: /home/ros/urdf_ws/install/arm/share/arm/meshes/Link_1.stl
[1.539s] -- Up-to-date: /home/ros/urdf_ws/install/arm/share/arm/meshes/Gripper_Base.stl
[1.539s] -- Up-to-date: /home/ros/urdf_ws/install/arm/share/arm/meshes/Link_3.stl
[1.539s] -- Up-to-date: /home/ros/urdf_ws/install/arm/share/arm/meshes/Right_Finger.stl
[1.539s] -- Up-to-date: /home/ros/urdf_ws/install/arm/share/arm/meshes/Left_Finger.stl
[1.539s] -- Up-to-date: /home/ros/urdf_ws/install/arm/share/arm/meshes/Base.stl
[1.539s] -- Up-to-date: /home/ros/urdf_ws/install/arm/share/arm/meshes/Shoulder.stl
[1.539s] -- Up-to-date: /home/ros/urdf_ws/install/arm/share/arm/meshes/Link_2.stl
[1.539s] -- Up-to-date: /home/ros/urdf_ws/install/arm/share/arm/urdf
[1.539s] -- Installing: /home/ros/urdf_ws/install/arm/share/arm/urdf/robot_ros2_control.xacro
[1.539s] -- Installing: /home/ros/urdf_ws/install/arm/share/arm/urdf/arm2.urdf.xacro
[1.539s] -- Installing: /home/ros/urdf_ws/install/arm/share/arm/urdf/robot_gazebo.xacro
[1.539s] -- Up-to-date: /home/ros/urdf_ws/install/arm/share/arm/urdf/arm.urdf.xacro
[1.539s] -- Up-to-date: /home/ros/urdf_ws/install/arm/share/arm/launch
[1.539s] -- Up-to-date: /home/ros/urdf_ws/install/arm/share/arm/launch/gazebo_servo.launch.py
[1.539s] -- Installing: /home/ros/urdf_ws/install/arm/share/ament_index/resource_index/package_run_dependencies/arm
[1.539s] -- Up-to-date: /home/ros/urdf_ws/install/arm/share/ament_index/resource_index/parent_prefix_path/arm
[1.540s] -- Up-to-date: /home/ros/urdf_ws/install/arm/share/arm/environment/ament_prefix_path.sh
[1.540s] -- Installing: /home/ros/urdf_ws/install/arm/share/arm/environment/ament_prefix_path.dsv
[1.540s] -- Up-to-date: /home/ros/urdf_ws/install/arm/share/arm/environment/path.sh
[1.540s] -- Installing: /home/ros/urdf_ws/install/arm/share/arm/environment/path.dsv
[1.540s] -- Up-to-date: /home/ros/urdf_ws/install/arm/share/arm/local_setup.bash
[1.540s] -- Up-to-date: /home/ros/urdf_ws/install/arm/share/arm/local_setup.sh
[1.540s] -- Up-to-date: /home/ros/urdf_ws/install/arm/share/arm/local_setup.zsh
[1.540s] -- Installing: /home/ros/urdf_ws/install/arm/share/arm/local_setup.dsv
[1.540s] -- Installing: /home/ros/urdf_ws/install/arm/share/arm/package.dsv
[1.540s] -- Up-to-date: /home/ros/urdf_ws/install/arm/share/ament_index/resource_index/packages/arm
[1.540s] -- Up-to-date: /home/ros/urdf_ws/install/arm/share/arm/cmake/armConfig.cmake
[1.540s] -- Up-to-date: /home/ros/urdf_ws/install/arm/share/arm/cmake/armConfig-version.cmake
[1.540s] -- Installing: /home/ros/urdf_ws/install/arm/share/arm/package.xml
[1.572s] Invoked command in '/home/ros/urdf_ws/build/arm' returned '0': CMAKE_PREFIX_PATH=${CMAKE_PREFIX_PATH}:/home/ros/ros2_ws86/install/test_turtle:/home/ros/ros2_ws86/install/test_pkg_with_node:/home/ros/ros2_ws86/install/test_pkg:/home/ros/ros2_ws86/install/service_set_pen:/home/ros/ros2_ws86/install/learning_tf_urdf:/home/ros/ros2_ws86/install/eval_8b:/home/ros/ros2_ws86/install/comprehensive_eval:/opt/ros/humble HISTTIMEFORMAT=%F %T /usr/bin/cmake --install /home/ros/urdf_ws/build/arm
